Copyright 1986-2014 Xilinx, Inc. All Rights Reserved.
-------------------------------------------------------------------------------------------------------------------
| Tool Version     : Vivado v.2014.1 (win64) Build 881834 Fri Apr  4 14:15:54 MDT 2014
| Date             : Sat Feb 21 11:17:00 2015
| Host             : AMANJIT running 64-bit Service Pack 1  (build 7601)
| Command          : report_power -file ov7670_top_power_routed.rpt -pb ov7670_top_power_summary_routed.pb
| Design           : ov7670_top
| Device           : xc7a100tcsg324-1
| Design State     : Routed
| Grade            : commercial
| Process          : typical
| Characterization : Production
-------------------------------------------------------------------------------------------------------------------

Power Report

Table of Contents
-----------------
1. Summary
1.1 On-Chip Components
1.2 Power Supply Summary
1.3 Confidence Level
2. Settings
2.1 Environment
2.2 Clock Constraints
3. Detailed Reports
3.1 By Hierarchy

1. Summary
----------

+--------------------------+-------+
| Total On-Chip Power (W)  | 0.207 |
| Dynamic (W)              | 0.109 |
| Device Static (W)        | 0.098 |
| Effective TJA (C/W)      | 4.6   |
| Max Ambient (C)          | 84.1  |
| Junction Temperature (C) | 25.9  |
| Confidence Level         | Low   |
| Setting File             | ---   |
| Simulation Activity File | ---   |
| Design Nets Matched      | NA    |
+--------------------------+-------+


1.1 On-Chip Components
----------------------

+----------------+-----------+----------+-----------+-----------------+
| On-Chip        | Power (W) | Used     | Available | Utilization (%) |
+----------------+-----------+----------+-----------+-----------------+
| Clocks         |     0.003 |        8 |       --- |             --- |
| Slice Logic    |    <0.001 |      650 |       --- |             --- |
|   LUT as Logic |    <0.001 |      291 |     63400 |            0.45 |
|   Register     |    <0.001 |      207 |    126800 |            0.16 |
|   CARRY4       |    <0.001 |       19 |     15850 |            0.11 |
|   BUFG         |    <0.001 |        1 |        32 |            3.12 |
|   F7/F8 Muxes  |    <0.001 |       22 |     63400 |            0.03 |
|   Others       |     0.000 |       86 |       --- |             --- |
| Signals        |    <0.001 |      584 |       --- |             --- |
| Block RAM      |     0.008 |       36 |       135 |           26.66 |
| PLL            |     0.093 |        1 |         6 |           16.66 |
| I/O            |     0.004 |       36 |       210 |           17.14 |
| Static Power   |     0.098 |          |           |                 |
| Total          |     0.207 |          |           |                 |
+----------------+-----------+----------+-----------+-----------------+


1.2 Power Supply Summary
------------------------

+-----------+-------------+-----------+-------------+------------+
| Source    | Voltage (V) | Total (A) | Dynamic (A) | Static (A) |
+-----------+-------------+-----------+-------------+------------+
| Vccint    |       1.000 |     0.033 |       0.018 |      0.016 |
| Vccaux    |       1.800 |     0.066 |       0.048 |      0.018 |
| Vcco33    |       3.300 |     0.005 |       0.001 |      0.004 |
| Vcco25    |       2.500 |     0.000 |       0.000 |      0.000 |
| Vcco18    |       1.800 |     0.000 |       0.000 |      0.000 |
| Vcco15    |       1.500 |     0.000 |       0.000 |      0.000 |
| Vcco135   |       1.350 |     0.000 |       0.000 |      0.000 |
| Vcco12    |       1.200 |     0.000 |       0.000 |      0.000 |
| Vccaux_io |       0.000 |     0.000 |       0.000 |      0.000 |
| Vccbram   |       1.000 |     0.001 |       0.001 |      0.001 |
| MGTAVcc   |       1.000 |     0.000 |       0.000 |      0.000 |
| MGTAVtt   |       1.200 |     0.000 |       0.000 |      0.000 |
| Vccadc    |       1.800 |     0.020 |       0.000 |      0.020 |
+-----------+-------------+-----------+-------------+------------+


1.3 Confidence Level
--------------------

+-----------------------------+------------+--------------------------------------------------------+------------------------------------------------------------------------------------------------------------+
| User Input Data             | Confidence | Details                                                | Action                                                                                                     |
+-----------------------------+------------+--------------------------------------------------------+------------------------------------------------------------------------------------------------------------+
| Design implementation state | High       | Design is completely routed                            |                                                                                                            |
| Clock nodes activity        | High       | User specified more than 95% of clocks                 |                                                                                                            |
| I/O nodes activity          | Low        | More than 75% of inputs are missing user specification | Provide missing input activity with simulation results or by editing the "By Resource Type -> I/Os" view   |
| Internal nodes activity     | Medium     | User specified less than 25% of internal nodes         | Provide missing internal nodes activity with simulation results or by editing the "By Resource Type" views |
| Device models               | High       | Device models are Production                           |                                                                                                            |
|                             |            |                                                        |                                                                                                            |
| Overall confidence level    | Low        |                                                        |                                                                                                            |
+-----------------------------+------------+--------------------------------------------------------+------------------------------------------------------------------------------------------------------------+


2. Settings
-----------

2.1 Environment
---------------

+-----------------------+--------------------------+
| Ambient Temp (C)      | 25.0                     |
| ThetaJA (C/W)         | 4.6                      |
| Airflow (LFM)         | 250                      |
| Heat Sink             | medium (Medium Profile)  |
| ThetaSA (C/W)         | 4.6                      |
| Board Selection       | medium (10"x10")         |
| # of Board Layers     | 12to15 (12 to 15 Layers) |
| Board Temperature (C) | 25.0                     |
+-----------------------+--------------------------+


2.2 Clock Constraints
---------------------

+----------------------+---------------------------------+-----------------+
| Clock                | Domain                          | Constraint (ns) |
+----------------------+---------------------------------+-----------------+
| CLK100MHZ            | CLK100MHZ                       |            10.0 |
| clk_out2_clk_wiz_0   | u_clock/inst/clk_out2_clk_wiz_0 |            40.0 |
| clkfbout_clk_wiz_0   | u_clock/inst/clkfbout_clk_wiz_0 |            10.0 |
| clkfbout_clk_wiz_0_1 | u_clock/inst/clkfbout_clk_wiz_0 |            10.0 |
| sys_clk_pin          | CLK100MHZ                       |            10.0 |
| clk_out1_clk_wiz_0_1 | u_clock/inst/clk_out1_clk_wiz_0 |            20.0 |
| clk_out1_clk_wiz_0   | u_clock/inst/clk_out1_clk_wiz_0 |            20.0 |
| clk_out2_clk_wiz_0_1 | u_clock/inst/clk_out2_clk_wiz_0 |            40.0 |
+----------------------+---------------------------------+-----------------+


3. Detailed Reports
-------------------

3.1 By Hierarchy
----------------

+---------------------------------------+-----------+
| Name                                  | Power (W) |
+---------------------------------------+-----------+
| ov7670_top                            |     0.108 |
|   ACKR2_reg_i_4                       |    <0.001 |
|   IIC                                 |    <0.001 |
|     u_I2C_Controller                  |    <0.001 |
|     u_I2C_OV7725_RGB444_Config        |    <0.001 |
|   Inst_vga                            |    <0.001 |
|   btn_debounce                        |    <0.001 |
|   capture                             |    <0.001 |
|   u_clock                             |     0.094 |
|     inst                              |     0.094 |
|   u_frame_buffer                      |     0.008 |
|     U0                                |     0.008 |
|       inst_blk_mem_gen                |     0.008 |
|         gnativebmg.native_blk_mem_gen |     0.008 |
|           valid.cstr                  |     0.008 |
|             has_mux_b.B               |    <0.001 |
|             ramloop[0].ram.r          |     0.001 |
|               prim_noinit.ram         |     0.001 |
|             ramloop[10].ram.r         |    <0.001 |
|               prim_noinit.ram         |    <0.001 |
|             ramloop[11].ram.r         |    <0.001 |
|               prim_noinit.ram         |    <0.001 |
|             ramloop[12].ram.r         |    <0.001 |
|               prim_noinit.ram         |    <0.001 |
|             ramloop[13].ram.r         |    <0.001 |
|               prim_noinit.ram         |    <0.001 |
|             ramloop[14].ram.r         |    <0.001 |
|               prim_noinit.ram         |    <0.001 |
|             ramloop[15].ram.r         |    <0.001 |
|               prim_noinit.ram         |    <0.001 |
|             ramloop[16].ram.r         |    <0.001 |
|               prim_noinit.ram         |    <0.001 |
|             ramloop[17].ram.r         |    <0.001 |
|               prim_noinit.ram         |    <0.001 |
|             ramloop[18].ram.r         |    <0.001 |
|               prim_noinit.ram         |    <0.001 |
|             ramloop[19].ram.r         |    <0.001 |
|               prim_noinit.ram         |    <0.001 |
|             ramloop[1].ram.r          |    <0.001 |
|               prim_noinit.ram         |    <0.001 |
|             ramloop[20].ram.r         |    <0.001 |
|               prim_noinit.ram         |    <0.001 |
|             ramloop[21].ram.r         |    <0.001 |
|               prim_noinit.ram         |    <0.001 |
|             ramloop[22].ram.r         |    <0.001 |
|               prim_noinit.ram         |    <0.001 |
|             ramloop[23].ram.r         |    <0.001 |
|               prim_noinit.ram         |    <0.001 |
|             ramloop[24].ram.r         |    <0.001 |
|               prim_noinit.ram         |    <0.001 |
|             ramloop[25].ram.r         |    <0.001 |
|               prim_noinit.ram         |    <0.001 |
|             ramloop[26].ram.r         |    <0.001 |
|               prim_noinit.ram         |    <0.001 |
|             ramloop[27].ram.r         |    <0.001 |
|               prim_noinit.ram         |    <0.001 |
|             ramloop[28].ram.r         |    <0.001 |
|               prim_noinit.ram         |    <0.001 |
|             ramloop[29].ram.r         |    <0.001 |
|               prim_noinit.ram         |    <0.001 |
|             ramloop[2].ram.r          |    <0.001 |
|               prim_noinit.ram         |    <0.001 |
|             ramloop[30].ram.r         |    <0.001 |
|               prim_noinit.ram         |    <0.001 |
|             ramloop[3].ram.r          |    <0.001 |
|               prim_noinit.ram         |    <0.001 |
|             ramloop[4].ram.r          |    <0.001 |
|               prim_noinit.ram         |    <0.001 |
|             ramloop[5].ram.r          |    <0.001 |
|               prim_noinit.ram         |    <0.001 |
|             ramloop[6].ram.r          |    <0.001 |
|               prim_noinit.ram         |    <0.001 |
|             ramloop[7].ram.r          |    <0.001 |
|               prim_noinit.ram         |    <0.001 |
|             ramloop[8].ram.r          |    <0.001 |
|               prim_noinit.ram         |    <0.001 |
|             ramloop[9].ram.r          |     0.001 |
|               prim_noinit.ram         |     0.001 |
+---------------------------------------+-----------+


