Copyright 1986-2014 Xilinx, Inc. All Rights Reserved.
-----------------------------------------------------------------------------------------------------------------------------
| Tool Version : Vivado v.2014.1 (win64) Build 881834 Fri Apr  4 14:15:54 MDT 2014
| Date         : Thu Feb 19 12:15:50 2015
| Host         : AMANJIT running 64-bit Service Pack 1  (build 7601)
| Command      : report_utilization -file design_1_wrapper_utilization_placed.rpt -pb design_1_wrapper_utilization_placed.pb
| Design       : design_1_wrapper
| Device       : xc7a100t
| Design State : Fully Placed
-----------------------------------------------------------------------------------------------------------------------------

Utilization Design Information

Table of Contents
-----------------
1. Slice Logic
2. Slice Logic Distribution
3. Memory
4. DSP
5. IO and GT Specific
6. Clocking
7. Specific Feature
8. Primitives
9. Black Boxes
10. Instantiated Netlists

1. Slice Logic
--------------

+----------------------------+-------+-------+-----------+-------+
|          Site Type         |  Used | Loced | Available | Util% |
+----------------------------+-------+-------+-----------+-------+
| Slice LUTs                 | 12552 |     0 |     63400 | 19.79 |
|   LUT as Logic             | 10993 |     0 |     63400 | 17.33 |
|   LUT as Memory            |  1559 |     0 |     19000 |  8.20 |
|     LUT as Distributed RAM |   960 |     0 |           |       |
|     LUT as Shift Register  |   599 |     0 |           |       |
| Slice Registers            | 12937 |     2 |    126800 | 10.20 |
|   Register as Flip Flop    | 12937 |     2 |    126800 | 10.20 |
|   Register as Latch        |     0 |     0 |    126800 |  0.00 |
| F7 Muxes                   |   106 |     0 |     31700 |  0.33 |
| F8 Muxes                   |     2 |     0 |     15850 |  0.01 |
+----------------------------+-------+-------+-----------+-------+


2. Slice Logic Distribution
---------------------------

+-------------------------------------------------------------+------------+-------+-----------+-------+
|                          Site Type                          |    Used    | Loced | Available | Util% |
+-------------------------------------------------------------+------------+-------+-----------+-------+
| Slice                                                       |       4769 |     0 |     15850 | 30.08 |
|   SLICEL                                                    |       3270 |     0 |           |       |
|   SLICEM                                                    |       1499 |     0 |           |       |
| LUT as Logic                                                |      10993 |     0 |     63400 | 17.33 |
|   using O5 output only                                      |          5 |       |           |       |
|   using O6 output only                                      |       8438 |       |           |       |
|   using O5 and O6                                           |       2550 |       |           |       |
| LUT as Memory                                               |       1559 |     0 |     19000 |  8.20 |
|   LUT as Distributed RAM                                    |        960 |     0 |           |       |
|     using O5 output only                                    |          0 |       |           |       |
|     using O6 output only                                    |          0 |       |           |       |
|     using O5 and O6                                         |        960 |       |           |       |
|   LUT as Shift Register                                     |        599 |     0 |           |       |
|     using O5 output only                                    |         14 |       |           |       |
|     using O6 output only                                    |        521 |       |           |       |
|     using O5 and O6                                         |         64 |       |           |       |
| LUT Flip Flop Pairs                                         |      15182 |     0 |     63400 | 23.94 |
|   fully used LUT-FF pairs                                   |       7635 |       |           |       |
|   LUT-FF pairs with unused LUT                              |       2649 |       |           |       |
|   LUT-FF pairs with unused Flip Flop                        |       4898 |       |           |       |
| Unique Control Sets                                         |        708 |       |           |       |
| Minimum number of registers lost to control set restriction | 2351(Lost) |       |           |       |
+-------------------------------------------------------------+------------+-------+-----------+-------+


3. Memory
---------

+-------------------+------+-------+-----------+-------+
|     Site Type     | Used | Loced | Available | Util% |
+-------------------+------+-------+-----------+-------+
| Block RAM Tile    |  2.5 |     0 |       135 |  1.85 |
|   RAMB36/FIFO*    |    2 |     0 |       135 |  1.48 |
|     RAMB36E1 only |    2 |       |           |       |
|   RAMB18          |    1 |     0 |       270 |  0.37 |
|     RAMB18E1 only |    1 |       |           |       |
+-------------------+------+-------+-----------+-------+
* Note: Each Block RAM Tile only has one FIFO logic available and therefore can accommodate only one FIFO36E1 or one FIFO18E1. However, if a FIFO18E1 occupies a Block RAM Tile, that tile can still accommodate a RAMB18E1


4. DSP
------

+-----------+------+-------+-----------+-------+
| Site Type | Used | Loced | Available | Util% |
+-----------+------+-------+-----------+-------+
| DSPs      |    0 |     0 |       240 |  0.00 |
+-----------+------+-------+-----------+-------+


5. IO and GT Specific
---------------------

+-----------------------------+------+-------+-----------+-------+
|          Site Type          | Used | Loced | Available | Util% |
+-----------------------------+------+-------+-----------+-------+
| Bonded IOB                  |   64 |    64 |       210 | 30.47 |
|   IOB Master Pads           |   30 |       |           |       |
|   IOB Slave Pads            |   33 |       |           |       |
| Bonded IPADs                |    0 |     0 |         2 |  0.00 |
| PHY_CONTROL                 |    1 |     1 |         6 | 16.66 |
| PHASER_REF                  |    1 |     1 |         6 | 16.66 |
| OUT_FIFO                    |    4 |     4 |        24 | 16.66 |
| IN_FIFO                     |    2 |     2 |        24 |  8.33 |
| IDELAYCTRL                  |    1 |     0 |         6 | 16.66 |
| IBUFGDS                     |    0 |     0 |       202 |  0.00 |
| PHASER_OUT/PHASER_OUT_PHY   |    4 |     4 |        24 | 16.66 |
|   PHASER_OUT_PHY only       |    4 |     4 |           |       |
| PHASER_IN/PHASER_IN_PHY     |    2 |     2 |        24 |  8.33 |
|   PHASER_IN_PHY only        |    2 |     2 |           |       |
| IDELAYE2/IDELAYE2_FINEDELAY |   16 |    16 |       300 |  5.33 |
|   IDELAYE2 only             |   16 |    16 |           |       |
| ODELAYE2/ODELAYE2_FINEDELAY |    0 |     0 |         0 |  0.00 |
| IBUFDS_GTE2                 |    0 |     0 |         4 |  0.00 |
| ILOGIC                      |   16 |    16 |       210 |  7.61 |
|   ISERDES                   |   16 |    16 |           |       |
| OLOGIC                      |   45 |    45 |       210 | 21.42 |
|   OUTFF_ODDR_Register       |    3 |     3 |           |       |
|   TFF_ODDR_Register         |    2 |     2 |           |       |
|   OSERDES                   |   42 |    42 |           |       |
+-----------------------------+------+-------+-----------+-------+


6. Clocking
-----------

+------------+------+-------+-----------+-------+
|  Site Type | Used | Loced | Available | Util% |
+------------+------+-------+-----------+-------+
| BUFGCTRL   |    7 |     0 |        32 | 21.87 |
| BUFIO      |    0 |     0 |        24 |  0.00 |
| MMCME2_ADV |    2 |     1 |         6 | 33.33 |
| PLLE2_ADV  |    1 |     1 |         6 | 16.66 |
| BUFMRCE    |    0 |     0 |        12 |  0.00 |
| BUFHCE     |    1 |     0 |        96 |  1.04 |
| BUFR       |    0 |     0 |        24 |  0.00 |
+------------+------+-------+-----------+-------+


7. Specific Feature
-------------------

+-------------+------+-------+-----------+--------+
|  Site Type  | Used | Loced | Available |  Util% |
+-------------+------+-------+-----------+--------+
| BSCANE2     |    1 |     1 |         4 |  25.00 |
| CAPTUREE2   |    0 |     0 |         1 |   0.00 |
| DNA_PORT    |    0 |     0 |         1 |   0.00 |
| EFUSE_USR   |    0 |     0 |         1 |   0.00 |
| FRAME_ECCE2 |    0 |     0 |         1 |   0.00 |
| ICAPE2      |    0 |     0 |         2 |   0.00 |
| PCIE_2_1    |    0 |     0 |         1 |   0.00 |
| STARTUPE2   |    0 |     0 |         1 |   0.00 |
| XADC        |    1 |     1 |         1 | 100.00 |
+-------------+------+-------+-----------+--------+


8. Primitives
-------------

+--------------------------+-------+---------------------+
|         Ref Name         |  Used | Functional Category |
+--------------------------+-------+---------------------+
| FDRE                     | 11343 |        Flop & Latch |
| LUT6                     |  3308 |                 LUT |
| LUT3                     |  3105 |                 LUT |
| LUT4                     |  2725 |                 LUT |
| LUT5                     |  2429 |                 LUT |
| LUT2                     |  1448 |                 LUT |
| RAMD32                   |  1440 |  Distributed Memory |
| FDCE                     |   902 |        Flop & Latch |
| LUT1                     |   528 |                 LUT |
| SRLC32E                  |   490 |  Distributed Memory |
| RAMS32                   |   480 |  Distributed Memory |
| FDSE                     |   416 |        Flop & Latch |
| CARRY4                   |   312 |          CarryLogic |
| FDPE                     |   276 |        Flop & Latch |
| SRL16E                   |   166 |  Distributed Memory |
| MUXF7                    |   106 |               MuxFx |
| OSERDESE2                |    42 |                  IO |
| OBUF                     |    37 |                  IO |
| OBUFT                    |    18 |                  IO |
| ISERDESE2                |    16 |                  IO |
| IDELAYE2                 |    16 |                  IO |
| IBUF_INTERMDISABLE       |    16 |                  IO |
| AND2B1L                  |    11 |              Others |
| SRLC16E                  |     7 |  Distributed Memory |
| BUFG                     |     7 |               Clock |
| ODDR                     |     5 |                  IO |
| PHASER_OUT_PHY           |     4 |                  IO |
| OUT_FIFO                 |     4 |                  IO |
| OBUFTDS                  |     4 |                  IO |
| IBUFDS_INTERMDISABLE_INT |     4 |                  IO |
| INV                      |     3 |                 LUT |
| IBUF                     |     3 |                  IO |
| RAMB36E1                 |     2 |        Block Memory |
| PHASER_IN_PHY            |     2 |                  IO |
| OR2L                     |     2 |              Others |
| OBUFDS                   |     2 |                  IO |
| MUXF8                    |     2 |               MuxFx |
| MMCME2_ADV               |     2 |               Clock |
| IN_FIFO                  |     2 |                  IO |
| XADC                     |     1 |              Others |
| RAMB18E1                 |     1 |        Block Memory |
| PLLE2_ADV                |     1 |               Clock |
| PHY_CONTROL              |     1 |                  IO |
| PHASER_REF               |     1 |                  IO |
| IDELAYCTRL               |     1 |                  IO |
| BUFH                     |     1 |               Clock |
| BSCANE2                  |     1 |              Others |
+--------------------------+-------+---------------------+


9. Black Boxes
--------------

+----------+------+
| Ref Name | Used |
+----------+------+


10. Instantiated Netlists
-------------------------

+----------+------+
| Ref Name | Used |
+----------+------+


