17:42:13 INFO  : Processing command line option -hwspec C:/Users/Amanjit/Desktop/ECE532/PaintWithVision2/PaintWithVision2.sdk/SDK/SDK_Export/hw/design_1.xml.
17:57:01 INFO  : FPGA configured successfully with bitstream "C:/Users/Amanjit/Desktop/ECE532/PaintWithVision2/PaintWithVision2.runs/impl_1/design_1_wrapper.bit"
17:57:55 INFO  : Processor reset is completed for microblaze_0
19:52:27 ERROR : Unexpected error while parsing XMD response ?: com.google.gson.JsonSyntaxException: com.google.gson.stream.MalformedJsonException: invalid number or unquoted string near 
13:30:15 INFO  : Processing command line option -hwspec C:/Users/Daniel/Documents/Uoft_hw/ECE532/PaintWithVision2/PaintWithVision2.sdk/SDK/SDK_Export/hw/design_1.xml.
13:30:20 INFO  : The hardware specification for project 'hw_platform_0' is different from C:/Users/Daniel/Documents/Uoft_hw/ECE532/PaintWithVision2/PaintWithVision2.sdk/SDK/SDK_Export/hw/design_1.xml.
13:30:20 INFO  : Copied contents of C:/Users/Daniel/Documents/Uoft_hw/ECE532/PaintWithVision2/PaintWithVision2.sdk/SDK/SDK_Export/hw/design_1.xml into \hw_platform_0\system.xml.
13:30:21 INFO  : Updating .bit and .bmm files from XPS's export folder.
13:30:28 INFO  : Copied contents of C:\Users\Daniel\Documents\Uoft_hw\ECE532\PaintWithVision2\PaintWithVision2.sdk\SDK\SDK_Export\hw\design_1_wrapper.bit into \hw_platform_0\design_1_wrapper.bit.
13:30:28 INFO  : Copied contents of C:\Users\Daniel\Documents\Uoft_hw\ECE532\PaintWithVision2\PaintWithVision2.sdk\SDK\SDK_Export\hw\design_1_wrapper_bd.bmm into \hw_platform_0\design_1_wrapper_bd.bmm.
13:30:28 ERROR : Unexpected exception while copying file C:\Users\Daniel\Documents\Uoft_hw\ECE532\PaintWithVision2\PaintWithVision2.sdk\SDK\SDK_Export\hw\design_1_wrapper.bit: org.eclipse.core.internal.resources.ResourceException: Resource '/hw_platform_0/design_1_wrapper.bit' already exists.
13:31:06 WARN  :  [Hsm 55-1559] Software Design already exists with Name C:\Users\Amanjit\Desktop\ECE532\PaintWithVision2\PaintWithVision2.sdk\SDK\SDK_Export\DanDaMan_bsp\system.mss

13:31:06 WARN  :  [Hsm 55-1559] Software Design already exists with Name C:\Users\Amanjit\Desktop\ECE532\PaintWithVision2\PaintWithVision2.sdk\SDK\SDK_Export\DanDaMan_bsp\system.mss

13:31:06 WARN  :  [Hsm 55-1559] Software Design already exists with Name C:\Users\Amanjit\Desktop\ECE532\PaintWithVision2\PaintWithVision2.sdk\SDK\SDK_Export\DanDaMan_bsp\system.mss

13:31:06 WARN  :  [Hsm 55-1559] Software Design already exists with Name C:\Users\Amanjit\Desktop\ECE532\PaintWithVision2\PaintWithVision2.sdk\SDK\SDK_Export\DanDaMan_bsp\system.mss

13:31:06 WARN  :  [Hsm 55-1559] Software Design already exists with Name C:\Users\Amanjit\Desktop\ECE532\PaintWithVision2\PaintWithVision2.sdk\SDK\SDK_Export\DanDaMan_bsp\system.mss

13:33:00 WARN  :  [Hsm 55-1559] Software Design already exists with Name C:\Users\Amanjit\Desktop\ECE532\PaintWithVision2\PaintWithVision2.sdk\SDK\SDK_Export\DanDaMan_bsp\system.mss

13:33:00 WARN  :  [Hsm 55-1559] Software Design already exists with Name C:\Users\Amanjit\Desktop\ECE532\PaintWithVision2\PaintWithVision2.sdk\SDK\SDK_Export\DanDaMan_bsp\system.mss

13:33:00 WARN  :  [Hsm 55-1559] Software Design already exists with Name C:\Users\Amanjit\Desktop\ECE532\PaintWithVision2\PaintWithVision2.sdk\SDK\SDK_Export\DanDaMan_bsp\system.mss

13:33:00 WARN  :  [Hsm 55-1559] Software Design already exists with Name C:\Users\Amanjit\Desktop\ECE532\PaintWithVision2\PaintWithVision2.sdk\SDK\SDK_Export\DanDaMan_bsp\system.mss

13:33:00 WARN  :  [Hsm 55-1559] Software Design already exists with Name C:\Users\Amanjit\Desktop\ECE532\PaintWithVision2\PaintWithVision2.sdk\SDK\SDK_Export\DanDaMan_bsp\system.mss

13:33:00 WARN  :  [Hsm 55-1559] Software Design already exists with Name C:\Users\Amanjit\Desktop\ECE532\PaintWithVision2\PaintWithVision2.sdk\SDK\SDK_Export\DanDaMan_bsp\system.mss

13:33:30 WARN  :  [Hsm 55-1559] Software Design already exists with Name C:\Users\Amanjit\Desktop\ECE532\PaintWithVision2\PaintWithVision2.sdk\SDK\SDK_Export\DanDaMan_bsp\system.mss

13:33:30 WARN  :  [Hsm 55-1559] Software Design already exists with Name C:\Users\Amanjit\Desktop\ECE532\PaintWithVision2\PaintWithVision2.sdk\SDK\SDK_Export\DanDaMan_bsp\system.mss

13:33:30 WARN  :  [Hsm 55-1559] Software Design already exists with Name C:\Users\Amanjit\Desktop\ECE532\PaintWithVision2\PaintWithVision2.sdk\SDK\SDK_Export\DanDaMan_bsp\system.mss

13:33:30 WARN  :  [Hsm 55-1559] Software Design already exists with Name C:\Users\Amanjit\Desktop\ECE532\PaintWithVision2\PaintWithVision2.sdk\SDK\SDK_Export\DanDaMan_bsp\system.mss

13:33:30 WARN  :  [Hsm 55-1559] Software Design already exists with Name C:\Users\Amanjit\Desktop\ECE532\PaintWithVision2\PaintWithVision2.sdk\SDK\SDK_Export\DanDaMan_bsp\system.mss

13:33:30 WARN  :  [Hsm 55-1559] Software Design already exists with Name C:\Users\Amanjit\Desktop\ECE532\PaintWithVision2\PaintWithVision2.sdk\SDK\SDK_Export\DanDaMan_bsp\system.mss

13:35:08 INFO  : FPGA configured successfully with bitstream "C:/Users/Daniel/Documents/Uoft_hw/ECE532/PaintWithVision2/PaintWithVision2.sdk/SDK/SDK_Export/hw_platform_0/design_1_wrapper.bit"
13:35:38 INFO  : Processor reset is completed for microblaze_0
13:35:38 ERROR : No such port: COM18
13:36:27 INFO  : Processor reset is completed for microblaze_0
13:36:27 ERROR : No such port: COM18
13:37:52 INFO  : Processor reset is completed for microblaze_0
13:37:52 ERROR : No such port: COM18
13:38:15 WARN  :  [Hsm 55-1559] Software Design already exists with Name C:\Users\Amanjit\Desktop\ECE532\PaintWithVision2\PaintWithVision2.sdk\SDK\SDK_Export\DanDaMan_bsp\system.mss

13:38:15 WARN  :  [Hsm 55-1559] Software Design already exists with Name C:\Users\Amanjit\Desktop\ECE532\PaintWithVision2\PaintWithVision2.sdk\SDK\SDK_Export\DanDaMan_bsp\system.mss

13:38:15 WARN  :  [Hsm 55-1559] Software Design already exists with Name C:\Users\Amanjit\Desktop\ECE532\PaintWithVision2\PaintWithVision2.sdk\SDK\SDK_Export\DanDaMan_bsp\system.mss

13:38:15 WARN  :  [Hsm 55-1559] Software Design already exists with Name C:\Users\Amanjit\Desktop\ECE532\PaintWithVision2\PaintWithVision2.sdk\SDK\SDK_Export\DanDaMan_bsp\system.mss

13:38:15 WARN  :  [Hsm 55-1559] Software Design already exists with Name C:\Users\Amanjit\Desktop\ECE532\PaintWithVision2\PaintWithVision2.sdk\SDK\SDK_Export\DanDaMan_bsp\system.mss

13:38:15 WARN  :  [Hsm 55-1559] Software Design already exists with Name C:\Users\Amanjit\Desktop\ECE532\PaintWithVision2\PaintWithVision2.sdk\SDK\SDK_Export\DanDaMan_bsp\system.mss

13:39:10 INFO  : Processor reset is completed for microblaze_0
13:39:10 ERROR : No such port: COM18
13:40:16 INFO  : Processor reset is completed for microblaze_0
13:40:16 ERROR : No such port: COM18
13:41:17 INFO  : Processor reset is completed for microblaze_0
13:41:17 ERROR : No such port: COM18
13:42:52 INFO  : Processor reset is completed for microblaze_0
13:42:52 ERROR : No such port: COM18
13:44:48 INFO  : Processor reset is completed for microblaze_0
13:44:48 ERROR : No such port: COM18
13:49:12 INFO  : Processor reset is completed for microblaze_0
13:49:13 ERROR : No such port: COM18
13:50:12 INFO  : Processor reset is completed for microblaze_0
13:50:12 ERROR : No such port: COM18
13:50:47 INFO  : Processor reset is completed for microblaze_0
13:50:47 ERROR : No such port: COM18
13:51:10 INFO  : Processor reset is completed for microblaze_0
13:51:10 ERROR : No such port: COM18
13:51:48 INFO  : Processor reset is completed for microblaze_0
13:51:48 ERROR : No such port: COM18
13:53:18 ERROR : Unexpected error while parsing XMD response ?: com.google.gson.JsonSyntaxException: com.google.gson.stream.MalformedJsonException: invalid number or unquoted string near 
13:56:13 INFO  : Processing command line option -hwspec C:/Users/Daniel/Documents/Uoft_hw/ECE532/PaintWithVision2/PaintWithVision2.sdk/SDK/SDK_Export/hw/design_1.xml.
13:56:17 INFO  : The hardware specification for project 'hw_platform_0' is different from C:/Users/Daniel/Documents/Uoft_hw/ECE532/PaintWithVision2/PaintWithVision2.sdk/SDK/SDK_Export/hw/design_1.xml.
13:56:17 INFO  : Copied contents of C:/Users/Daniel/Documents/Uoft_hw/ECE532/PaintWithVision2/PaintWithVision2.sdk/SDK/SDK_Export/hw/design_1.xml into \hw_platform_0\system.xml.
13:56:37 INFO  : Copied contents of C:\Users\Daniel\Documents\Uoft_hw\ECE532\PaintWithVision2\PaintWithVision2.sdk\SDK\SDK_Export\hw\design_1_wrapper.bit into \hw_platform_0\design_1_wrapper.bit.
13:56:37 INFO  : Copied contents of C:\Users\Daniel\Documents\Uoft_hw\ECE532\PaintWithVision2\PaintWithVision2.sdk\SDK\SDK_Export\hw\design_1_wrapper_bd.bmm into \hw_platform_0\design_1_wrapper_bd.bmm.
13:57:00 INFO  : Synchronizing projects in the workspace with the hardware platform specification changes.
13:57:01 INFO  : 
13:57:02 INFO  : 
13:57:12 INFO  : Updating hardware inferred compiler options for DanDaMan.
13:57:12 INFO  : Updating hardware inferred compiler options for PaintWithVision_code.
13:57:13 INFO  : Clearing existing target manager status.
13:58:29 INFO  : FPGA configured successfully with bitstream "C:/Users/Daniel/Documents/Uoft_hw/ECE532/PaintWithVision2/PaintWithVision2.sdk/SDK/SDK_Export/hw_platform_0/design_1_wrapper.bit"
13:59:52 INFO  : Processor reset is completed for microblaze_0
13:59:52 ERROR : No such port: COM18
14:00:31 INFO  : Processor reset is completed for microblaze_0
14:00:31 ERROR : No such port: COM18
14:01:24 WARN  :  [Hsm 55-1559] Software Design already exists with Name C:\Users\Amanjit\Desktop\ECE532\PaintWithVision2\PaintWithVision2.sdk\SDK\SDK_Export\DanDaMan_bsp\system.mss

14:01:24 WARN  :  [Hsm 55-1559] Software Design already exists with Name C:\Users\Amanjit\Desktop\ECE532\PaintWithVision2\PaintWithVision2.sdk\SDK\SDK_Export\DanDaMan_bsp\system.mss

14:01:24 WARN  :  [Hsm 55-1559] Software Design already exists with Name C:\Users\Amanjit\Desktop\ECE532\PaintWithVision2\PaintWithVision2.sdk\SDK\SDK_Export\DanDaMan_bsp\system.mss

14:01:24 WARN  :  [Hsm 55-1559] Software Design already exists with Name C:\Users\Amanjit\Desktop\ECE532\PaintWithVision2\PaintWithVision2.sdk\SDK\SDK_Export\DanDaMan_bsp\system.mss

14:01:24 WARN  :  [Hsm 55-1559] Software Design already exists with Name C:\Users\Amanjit\Desktop\ECE532\PaintWithVision2\PaintWithVision2.sdk\SDK\SDK_Export\DanDaMan_bsp\system.mss

14:01:24 WARN  :  [Hsm 55-1559] Software Design already exists with Name C:\Users\Amanjit\Desktop\ECE532\PaintWithVision2\PaintWithVision2.sdk\SDK\SDK_Export\DanDaMan_bsp\system.mss

14:01:24 WARN  :  [Hsm 55-1559] Software Design already exists with Name C:\Users\Amanjit\Desktop\ECE532\PaintWithVision2\PaintWithVision2.sdk\SDK\SDK_Export\DanDaMan_bsp\system.mss

14:01:24 WARN  :  [Hsm 55-1559] Software Design already exists with Name C:\Users\Amanjit\Desktop\ECE532\PaintWithVision2\PaintWithVision2.sdk\SDK\SDK_Export\DanDaMan_bsp\system.mss

14:01:24 WARN  :  [Hsm 55-1559] Software Design already exists with Name C:\Users\Amanjit\Desktop\ECE532\PaintWithVision2\PaintWithVision2.sdk\SDK\SDK_Export\DanDaMan_bsp\system.mss

14:05:57 INFO  : Processor reset is completed for microblaze_0
14:05:57 ERROR : No such port: COM18
14:08:03 INFO  : FPGA configured successfully with bitstream "C:/Users/Daniel/Documents/Uoft_hw/ECE532/PaintWithVision2/PaintWithVision2.runs/impl_1/design_1_wrapper.bit"
14:08:42 INFO  : Processor reset is completed for microblaze_0
14:08:42 ERROR : No such port: COM18
14:14:25 INFO  : Processor reset is completed for microblaze_0
14:15:10 INFO  : Processor reset is completed for microblaze_0
14:15:47 INFO  : Processor reset is completed for microblaze_0
14:16:09 INFO  : microblaze_0 Processor is in use. Please stop existing Run or Debug sessions before launching.
14:16:11 INFO  : Processor reset is completed for microblaze_0
14:16:36 INFO  : Processor reset is completed for microblaze_0
14:17:23 INFO  : FPGA configured successfully with bitstream "C:/Users/Daniel/Documents/Uoft_hw/ECE532/PaintWithVision2/PaintWithVision2.runs/impl_1/design_1_wrapper.bit"
14:17:41 INFO  : Processor reset is completed for microblaze_0
14:18:11 INFO  : Processor reset is completed for microblaze_0
14:18:44 INFO  : Processor reset is completed for microblaze_0
14:20:19 INFO  : Processor reset is completed for microblaze_0
14:21:30 INFO  : Processor reset is completed for microblaze_0
14:22:00 INFO  : Processor reset is completed for microblaze_0
14:22:22 INFO  : Processor reset is completed for microblaze_0
14:23:05 INFO  : Processor reset is completed for microblaze_0
14:23:37 INFO  : Processor reset is completed for microblaze_0
15:23:59 INFO  : Project hw_platform_0's source hardware specification located at C:/Users/Daniel/Documents/Uoft_hw/ECE532/PaintWithVision2/PaintWithVision2.sdk/SDK/SDK_Export/hw/design_1.xml is now different from the local copy.
		 The local copy will be replaced with the source specification and your workspace will be updated.
15:24:14 INFO  : Project hw_platform_0's source hardware specification location will not be monitored anymore.
15:24:17 ERROR : Unexpected error while parsing XMD response ?: com.google.gson.JsonSyntaxException: com.google.gson.stream.MalformedJsonException: invalid number or unquoted string near 
15:24:43 INFO  : Processing command line option -hwspec C:/Users/Daniel/Documents/Uoft_hw/ECE532/PaintWithVision2/PaintWithVision2.sdk/SDK/SDK_Export/hw/design_1.xml.
15:24:47 INFO  : The hardware specification for project 'hw_platform_0' is different from C:/Users/Daniel/Documents/Uoft_hw/ECE532/PaintWithVision2/PaintWithVision2.sdk/SDK/SDK_Export/hw/design_1.xml.
15:24:47 INFO  : Copied contents of C:/Users/Daniel/Documents/Uoft_hw/ECE532/PaintWithVision2/PaintWithVision2.sdk/SDK/SDK_Export/hw/design_1.xml into \hw_platform_0\system.xml.
15:24:49 INFO  : Updating .bit and .bmm files from XPS's export folder.
15:24:57 INFO  : Copied contents of C:\Users\Daniel\Documents\Uoft_hw\ECE532\PaintWithVision2\PaintWithVision2.sdk\SDK\SDK_Export\hw\design_1_wrapper.bit into \hw_platform_0\design_1_wrapper.bit.
15:24:57 INFO  : Copied contents of C:\Users\Daniel\Documents\Uoft_hw\ECE532\PaintWithVision2\PaintWithVision2.sdk\SDK\SDK_Export\hw\design_1_wrapper_bd.bmm into \hw_platform_0\design_1_wrapper_bd.bmm.
15:24:58 INFO  : Copied contents of C:\Users\Daniel\Documents\Uoft_hw\ECE532\PaintWithVision2\PaintWithVision2.sdk\SDK\SDK_Export\hw\design_1_wrapper.bit into \hw_platform_0\design_1_wrapper.bit.
15:25:06 INFO  : Copied contents of C:\Users\Daniel\Documents\Uoft_hw\ECE532\PaintWithVision2\PaintWithVision2.sdk\SDK\SDK_Export\hw\design_1_wrapper_bd.bmm into \hw_platform_0\design_1_wrapper_bd.bmm.
15:25:16 INFO  : Synchronizing projects in the workspace with the hardware platform specification changes.
15:25:25 INFO  : 
15:25:26 INFO  : 
15:25:27 INFO  : Updating hardware inferred compiler options for DanDaMan.
15:25:28 INFO  : Updating hardware inferred compiler options for PaintWithVision_code.
15:25:28 INFO  : Clearing existing target manager status.
15:33:20 INFO  : FPGA configured successfully with bitstream "C:/Users/Daniel/Documents/Uoft_hw/ECE532/PaintWithVision2/PaintWithVision2.runs/impl_1/design_1_wrapper.bit"
15:33:55 INFO  : Processor reset is completed for microblaze_0
15:34:19 INFO  : Processor reset is completed for microblaze_0
15:35:10 INFO  : Processor reset is completed for microblaze_0
15:35:34 ERROR : Unexpected error while parsing XMD response ?: com.google.gson.JsonSyntaxException: com.google.gson.stream.MalformedJsonException: invalid number or unquoted string near 
16:08:48 INFO  : Processing command line option -hwspec C:/Users/Daniel/Documents/Uoft_hw/ECE532/PaintWithVision2/PaintWithVision2.sdk/SDK/SDK_Export/hw/design_1.xml.
16:08:52 INFO  : The hardware specification for project 'hw_platform_0' is different from C:/Users/Daniel/Documents/Uoft_hw/ECE532/PaintWithVision2/PaintWithVision2.sdk/SDK/SDK_Export/hw/design_1.xml.
16:08:52 INFO  : Copied contents of C:/Users/Daniel/Documents/Uoft_hw/ECE532/PaintWithVision2/PaintWithVision2.sdk/SDK/SDK_Export/hw/design_1.xml into \hw_platform_0\system.xml.
16:09:02 INFO  : Copied contents of C:\Users\Daniel\Documents\Uoft_hw\ECE532\PaintWithVision2\PaintWithVision2.sdk\SDK\SDK_Export\hw\design_1_wrapper.bit into \hw_platform_0\design_1_wrapper.bit.
16:09:11 INFO  : Copied contents of C:\Users\Daniel\Documents\Uoft_hw\ECE532\PaintWithVision2\PaintWithVision2.sdk\SDK\SDK_Export\hw\design_1_wrapper_bd.bmm into \hw_platform_0\design_1_wrapper_bd.bmm.
16:09:21 INFO  : Synchronizing projects in the workspace with the hardware platform specification changes.
16:09:29 INFO  : 
16:09:30 INFO  : 
16:09:31 INFO  : Updating hardware inferred compiler options for DanDaMan.
16:09:32 INFO  : Updating hardware inferred compiler options for PaintWithVision_code.
16:09:32 INFO  : Clearing existing target manager status.
16:09:55 INFO  : FPGA configured successfully with bitstream "C:/Users/Daniel/Documents/Uoft_hw/ECE532/PaintWithVision2/PaintWithVision2.runs/impl_1/design_1_wrapper.bit"
16:10:44 INFO  : Processor reset is completed for microblaze_0
16:11:13 INFO  : Processor reset is completed for microblaze_0
16:11:37 INFO  : microblaze_0 Processor is in use. Please stop existing Run or Debug sessions before launching.
16:11:40 INFO  : Processor reset is completed for microblaze_0
16:11:57 INFO  : Processor reset is completed for microblaze_0
16:12:09 INFO  : microblaze_0 Processor is in use. Please stop existing Run or Debug sessions before launching.
16:12:11 INFO  : Processor reset is completed for microblaze_0
16:12:36 INFO  : Processor reset is completed for microblaze_0
16:24:24 INFO  : Successfully generated C:\Users\Daniel\Documents\Uoft_hw\ECE532\PaintWithVision2\PaintWithVision2.sdk\SDK\SDK_Export\PaintWithVision_code\src\lscript.ld.
16:24:39 INFO  : Processor reset is completed for microblaze_0
16:25:40 ERROR : Unexpected error while launching program.
java.lang.RuntimeException: The program file specified in the launch configuration does not exist
	at com.xilinx.sdk.debug.core.XilinxAppLaunchConfigurationDelegate.runApplication(XilinxAppLaunchConfigurationDelegate.java:480)
	at com.xilinx.sdk.debug.core.XilinxAppLaunchConfigurationDelegate.launch(XilinxAppLaunchConfigurationDelegate.java:251)
	at com.xilinx.sdk.debug.ui.XilinxAppLaunchDelegateWrapper.launch(XilinxAppLaunchDelegateWrapper.java:31)
	at org.eclipse.debug.internal.core.LaunchConfiguration.launch(LaunchConfiguration.java:855)
	at org.eclipse.debug.internal.core.LaunchConfiguration.launch(LaunchConfiguration.java:704)
	at org.eclipse.debug.internal.ui.DebugUIPlugin.buildAndLaunch(DebugUIPlugin.java:1047)
	at org.eclipse.debug.internal.ui.DebugUIPlugin$8.run(DebugUIPlugin.java:1251)
	at org.eclipse.core.internal.jobs.Worker.run(Worker.java:54)
16:25:57 INFO  : Successfully generated C:\Users\Daniel\Documents\Uoft_hw\ECE532\PaintWithVision2\PaintWithVision2.sdk\SDK\SDK_Export\PaintWithVision_code\src\lscript.ld.
16:27:37 INFO  : Processor reset is completed for microblaze_0
17:09:56 ERROR : Unexpected error while parsing XMD response ?: com.google.gson.JsonSyntaxException: com.google.gson.stream.MalformedJsonException: invalid number or unquoted string near 
18:49:20 INFO  : Processing command line option -hwspec C:/Users/Daniel/Documents/Uoft_hw/ECE532/PaintWithVision2/PaintWithVision2.sdk/SDK/SDK_Export/hw/design_1.xml.
18:49:26 INFO  : The hardware specification for project 'hw_platform_0' is different from C:/Users/Daniel/Documents/Uoft_hw/ECE532/PaintWithVision2/PaintWithVision2.sdk/SDK/SDK_Export/hw/design_1.xml.
18:49:26 INFO  : Copied contents of C:/Users/Daniel/Documents/Uoft_hw/ECE532/PaintWithVision2/PaintWithVision2.sdk/SDK/SDK_Export/hw/design_1.xml into \hw_platform_0\system.xml.
18:49:27 INFO  : Updating .bit and .bmm files from XPS's export folder.
18:49:36 INFO  : Copied contents of C:\Users\Daniel\Documents\Uoft_hw\ECE532\PaintWithVision2\PaintWithVision2.sdk\SDK\SDK_Export\hw\design_1_wrapper.bit into \hw_platform_0\design_1_wrapper.bit.
18:49:36 INFO  : Copied contents of C:\Users\Daniel\Documents\Uoft_hw\ECE532\PaintWithVision2\PaintWithVision2.sdk\SDK\SDK_Export\hw\design_1_wrapper_bd.bmm into \hw_platform_0\design_1_wrapper_bd.bmm.
18:49:36 INFO  : Copied contents of C:\Users\Daniel\Documents\Uoft_hw\ECE532\PaintWithVision2\PaintWithVision2.sdk\SDK\SDK_Export\hw\design_1_wrapper.bit into \hw_platform_0\design_1_wrapper.bit.
18:49:36 INFO  : Copied contents of C:\Users\Daniel\Documents\Uoft_hw\ECE532\PaintWithVision2\PaintWithVision2.sdk\SDK\SDK_Export\hw\design_1_wrapper_bd.bmm into \hw_platform_0\design_1_wrapper_bd.bmm.
18:49:46 INFO  : Synchronizing projects in the workspace with the hardware platform specification changes.
18:49:48 INFO  : 
18:49:49 INFO  : 
18:49:50 INFO  : Updating hardware inferred compiler options for DanDaMan.
18:49:51 INFO  : Updating hardware inferred compiler options for PaintWithVision_code.
18:49:51 INFO  : Clearing existing target manager status.
18:50:42 INFO  : FPGA configured successfully with bitstream "C:/Users/Daniel/Documents/Uoft_hw/ECE532/PaintWithVision2/PaintWithVision2.runs/impl_1/design_1_wrapper.bit"
18:51:17 INFO  : Processor reset is completed for microblaze_0
18:51:40 INFO  : Processor reset is completed for microblaze_0
18:52:05 INFO  : Successfully generated C:\Users\Daniel\Documents\Uoft_hw\ECE532\PaintWithVision2\PaintWithVision2.sdk\SDK\SDK_Export\PaintWithVision_code\src\lscript.ld.
18:52:46 INFO  : Processor reset is completed for microblaze_0
18:53:43 INFO  : Processor reset is completed for microblaze_0
18:53:48 INFO  : microblaze_0 Processor is in use. Please stop existing Run or Debug sessions before launching.
18:54:05 INFO  : Processor reset is completed for microblaze_0
18:55:37 INFO  : Processor reset is completed for microblaze_0
18:59:20 WARN  :  [Hsm 55-1559] Software Design already exists with Name C:\Users\Amanjit\Desktop\ECE532\PaintWithVision2\PaintWithVision2.sdk\SDK\SDK_Export\DanDaMan_bsp\system.mss

18:59:20 WARN  :  [Hsm 55-1559] Software Design already exists with Name C:\Users\Amanjit\Desktop\ECE532\PaintWithVision2\PaintWithVision2.sdk\SDK\SDK_Export\DanDaMan_bsp\system.mss

18:59:20 WARN  :  [Hsm 55-1559] Software Design already exists with Name C:\Users\Amanjit\Desktop\ECE532\PaintWithVision2\PaintWithVision2.sdk\SDK\SDK_Export\DanDaMan_bsp\system.mss

18:59:20 WARN  :  [Hsm 55-1559] Software Design already exists with Name C:\Users\Amanjit\Desktop\ECE532\PaintWithVision2\PaintWithVision2.sdk\SDK\SDK_Export\DanDaMan_bsp\system.mss

18:59:20 WARN  :  [Hsm 55-1559] Software Design already exists with Name C:\Users\Amanjit\Desktop\ECE532\PaintWithVision2\PaintWithVision2.sdk\SDK\SDK_Export\DanDaMan_bsp\system.mss

18:59:20 WARN  :  [Hsm 55-1559] Software Design already exists with Name C:\Users\Amanjit\Desktop\ECE532\PaintWithVision2\PaintWithVision2.sdk\SDK\SDK_Export\DanDaMan_bsp\system.mss

19:00:01 INFO  : Processor reset is completed for microblaze_0
19:00:12 INFO  : Processor reset is completed for microblaze_0
19:00:27 INFO  : Processor reset is completed for microblaze_0
19:00:56 INFO  : Processor reset is completed for microblaze_0
19:01:18 INFO  : Processor reset is completed for microblaze_0
19:01:42 INFO  : Successfully generated C:\Users\Daniel\Documents\Uoft_hw\ECE532\PaintWithVision2\PaintWithVision2.sdk\SDK\SDK_Export\PaintWithVision_code\src\lscript.ld.
19:01:55 INFO  : Processor reset is completed for microblaze_0
19:04:57 INFO  : Processor reset is completed for microblaze_0
19:05:24 INFO  : microblaze_0 Processor is in use. Please stop existing Run or Debug sessions before launching.
19:05:25 INFO  : Processor reset is completed for microblaze_0
19:06:03 INFO  : Processor reset is completed for microblaze_0
19:07:18 INFO  : Processor reset is completed for microblaze_0
19:08:32 INFO  : Processor reset is completed for microblaze_0
19:09:57 INFO  : microblaze_0 Processor is in use. Please stop existing Run or Debug sessions before launching.
19:12:43 INFO  : Processor reset is completed for microblaze_0
19:13:01 INFO  : microblaze_0 Processor is in use. Please stop existing Run or Debug sessions before launching.
19:13:17 INFO  : Processor reset is completed for microblaze_0
19:13:42 INFO  : Processor reset is completed for microblaze_0
19:14:30 INFO  : Successfully generated C:\Users\Daniel\Documents\Uoft_hw\ECE532\PaintWithVision2\PaintWithVision2.sdk\SDK\SDK_Export\PaintWithVision_code\src\lscript.ld.
19:14:45 INFO  : Successfully generated C:\Users\Daniel\Documents\Uoft_hw\ECE532\PaintWithVision2\PaintWithVision2.sdk\SDK\SDK_Export\PaintWithVision_code\src\lscript.ld.
19:15:00 INFO  : Processor reset is completed for microblaze_0
19:15:32 INFO  : Successfully generated C:\Users\Daniel\Documents\Uoft_hw\ECE532\PaintWithVision2\PaintWithVision2.sdk\SDK\SDK_Export\PaintWithVision_code\src\lscript.ld.
19:15:50 INFO  : FPGA configured successfully with bitstream "C:/Users/Daniel/Documents/Uoft_hw/ECE532/PaintWithVision2/PaintWithVision2.runs/impl_1/design_1_wrapper.bit"
19:16:03 INFO  : Successfully generated C:\Users\Daniel\Documents\Uoft_hw\ECE532\PaintWithVision2\PaintWithVision2.sdk\SDK\SDK_Export\PaintWithVision_code\src\lscript.ld.
19:16:35 INFO  : Processor reset is completed for microblaze_0
19:16:52 INFO  : Processor reset is completed for microblaze_0
19:17:30 INFO  : Successfully generated C:\Users\Daniel\Documents\Uoft_hw\ECE532\PaintWithVision2\PaintWithVision2.sdk\SDK\SDK_Export\PaintWithVision_code\src\lscript.ld.
19:17:49 INFO  : Processor reset is completed for microblaze_0
19:18:31 INFO  : Processor reset is completed for microblaze_0
19:25:32 INFO  : Processor reset is completed for microblaze_0
19:25:53 INFO  : microblaze_0 Processor is in use. Please stop existing Run or Debug sessions before launching.
19:25:55 INFO  : Processor reset is completed for microblaze_0
19:26:36 INFO  : microblaze_0 Processor is in use. Please stop existing Run or Debug sessions before launching.
19:26:37 INFO  : Processor reset is completed for microblaze_0
19:28:21 INFO  : Processor reset is completed for microblaze_0
19:28:41 INFO  : microblaze_0 Processor is in use. Please stop existing Run or Debug sessions before launching.
19:28:43 INFO  : Processor reset is completed for microblaze_0
19:29:20 INFO  : Processor reset is completed for microblaze_0
19:30:18 INFO  : Processor reset is completed for microblaze_0
19:31:24 ERROR : Unable to disconnect from existing targets
java.lang.NullPointerException
	at com.xilinx.sdk.targetmanager.internal.json.XMDJSONProcess.issueCommand(XMDJSONProcess.java:140)
	at com.xilinx.sdk.targetmanager.internal.TM.disconnectTarget(TM.java:331)
	at com.xilinx.sdk.targetmanager.internal.TM.disconnectExistingTargets(TM.java:313)
	at com.xilinx.sdk.targetmanager.internal.TM.terminate(TM.java:206)
	at com.xilinx.sdk.targetmanager.TMPlugin.stop(TMPlugin.java:57)
	at org.eclipse.osgi.framework.internal.core.BundleContextImpl$2.run(BundleContextImpl.java:771)
	at java.security.AccessController.doPrivileged(Native Method)
	at org.eclipse.osgi.framework.internal.core.BundleContextImpl.stop(BundleContextImpl.java:764)
	at org.eclipse.osgi.framework.internal.core.BundleHost.stopWorker(BundleHost.java:510)
	at org.eclipse.osgi.framework.internal.core.AbstractBundle.suspend(AbstractBundle.java:566)
	at org.eclipse.osgi.framework.internal.core.Framework.suspendBundle(Framework.java:1206)
	at org.eclipse.osgi.framework.internal.core.StartLevelManager.decFWSL(StartLevelManager.java:592)
	at org.eclipse.osgi.framework.internal.core.StartLevelManager.doSetStartLevel(StartLevelManager.java:257)
	at org.eclipse.osgi.framework.internal.core.StartLevelManager.shutdown(StartLevelManager.java:215)
	at org.eclipse.osgi.framework.internal.core.InternalSystemBundle.suspend(InternalSystemBundle.java:284)
	at org.eclipse.osgi.framework.internal.core.Framework.shutdown(Framework.java:692)
	at org.eclipse.osgi.framework.internal.core.Framework.close(Framework.java:600)
	at org.eclipse.core.runtime.adaptor.EclipseStarter.shutdown(EclipseStarter.java:399)
	at org.eclipse.core.runtime.adaptor.EclipseStarter.run(EclipseStarter.java:199)
	at sun.reflect.NativeMethodAccessorImpl.invoke0(Native Method)
	at sun.reflect.NativeMethodAccessorImpl.invoke(NativeMethodAccessorImpl.java:57)
	at sun.reflect.DelegatingMethodAccessorImpl.invoke(DelegatingMethodAccessorImpl.java:43)
	at java.lang.reflect.Method.invoke(Method.java:606)
	at org.eclipse.equinox.launcher.Main.invokeFramework(Main.java:629)
	at org.eclipse.equinox.launcher.Main.basicRun(Main.java:584)
	at org.eclipse.equinox.launcher.Main.run(Main.java:1438)
19:31:24 ERROR : Unexpected error while parsing XMD response ?: com.google.gson.JsonSyntaxException: com.google.gson.stream.MalformedJsonException: invalid number or unquoted string near 
10:10:37 INFO  : Processing command line option -hwspec C:/Users/Daniel/Documents/Uoft_hw/ECE532/PaintWithVision2/PaintWithVision2.sdk/SDK/SDK_Export/hw/design_1.xml.
10:10:41 INFO  : The hardware specification for project 'hw_platform_0' is different from C:/Users/Daniel/Documents/Uoft_hw/ECE532/PaintWithVision2/PaintWithVision2.sdk/SDK/SDK_Export/hw/design_1.xml.
10:10:41 INFO  : Copied contents of C:/Users/Daniel/Documents/Uoft_hw/ECE532/PaintWithVision2/PaintWithVision2.sdk/SDK/SDK_Export/hw/design_1.xml into \hw_platform_0\system.xml.
10:10:42 INFO  : Updating .bit and .bmm files from XPS's export folder.
10:10:52 INFO  : Copied contents of C:\Users\Daniel\Documents\Uoft_hw\ECE532\PaintWithVision2\PaintWithVision2.sdk\SDK\SDK_Export\hw\design_1_wrapper.bit into \hw_platform_0\design_1_wrapper.bit.
10:10:52 INFO  : Copied contents of C:\Users\Daniel\Documents\Uoft_hw\ECE532\PaintWithVision2\PaintWithVision2.sdk\SDK\SDK_Export\hw\design_1_wrapper_bd.bmm into \hw_platform_0\design_1_wrapper_bd.bmm.
10:10:53 INFO  : Copied contents of C:\Users\Daniel\Documents\Uoft_hw\ECE532\PaintWithVision2\PaintWithVision2.sdk\SDK\SDK_Export\hw\design_1_wrapper.bit into \hw_platform_0\design_1_wrapper.bit.
10:11:02 INFO  : Copied contents of C:\Users\Daniel\Documents\Uoft_hw\ECE532\PaintWithVision2\PaintWithVision2.sdk\SDK\SDK_Export\hw\design_1_wrapper_bd.bmm into \hw_platform_0\design_1_wrapper_bd.bmm.
10:11:13 INFO  : Synchronizing projects in the workspace with the hardware platform specification changes.
10:11:22 INFO  : 
10:11:23 INFO  : 
10:11:25 INFO  : Updating hardware inferred compiler options for DanDaMan.
10:11:25 INFO  : Updating hardware inferred compiler options for PaintWithVision_code.
10:11:25 INFO  : Clearing existing target manager status.
10:12:28 INFO  : FPGA configured successfully with bitstream "C:/Users/Daniel/Documents/Uoft_hw/ECE532/PaintWithVision2/PaintWithVision2.runs/impl_1/design_1_wrapper.bit"
10:14:09 INFO  : Processor reset is completed for microblaze_0
10:29:10 WARN  :  [Hsm 55-1559] Software Design already exists with Name C:\Users\Amanjit\Desktop\ECE532\PaintWithVision2\PaintWithVision2.sdk\SDK\SDK_Export\DanDaMan_bsp\system.mss

10:29:10 WARN  :  [Hsm 55-1559] Software Design already exists with Name C:\Users\Amanjit\Desktop\ECE532\PaintWithVision2\PaintWithVision2.sdk\SDK\SDK_Export\DanDaMan_bsp\system.mss

10:29:10 WARN  :  [Hsm 55-1559] Software Design already exists with Name C:\Users\Amanjit\Desktop\ECE532\PaintWithVision2\PaintWithVision2.sdk\SDK\SDK_Export\DanDaMan_bsp\system.mss

10:29:10 WARN  :  [Hsm 55-1559] Software Design already exists with Name C:\Users\Amanjit\Desktop\ECE532\PaintWithVision2\PaintWithVision2.sdk\SDK\SDK_Export\DanDaMan_bsp\system.mss

10:29:10 WARN  :  [Hsm 55-1559] Software Design already exists with Name C:\Users\Amanjit\Desktop\ECE532\PaintWithVision2\PaintWithVision2.sdk\SDK\SDK_Export\DanDaMan_bsp\system.mss

10:29:10 WARN  :  [Hsm 55-1559] Software Design already exists with Name C:\Users\Amanjit\Desktop\ECE532\PaintWithVision2\PaintWithVision2.sdk\SDK\SDK_Export\DanDaMan_bsp\system.mss

10:30:00 WARN  :  [Hsm 55-1559] Software Design already exists with Name C:\Users\Amanjit\Desktop\ECE532\PaintWithVision2\PaintWithVision2.sdk\SDK\SDK_Export\DanDaMan_bsp\system.mss

10:30:00 WARN  :  [Hsm 55-1559] Software Design already exists with Name C:\Users\Amanjit\Desktop\ECE532\PaintWithVision2\PaintWithVision2.sdk\SDK\SDK_Export\DanDaMan_bsp\system.mss

10:30:00 WARN  :  [Hsm 55-1559] Software Design already exists with Name C:\Users\Amanjit\Desktop\ECE532\PaintWithVision2\PaintWithVision2.sdk\SDK\SDK_Export\DanDaMan_bsp\system.mss

10:30:00 WARN  :  [Hsm 55-1559] Software Design already exists with Name C:\Users\Amanjit\Desktop\ECE532\PaintWithVision2\PaintWithVision2.sdk\SDK\SDK_Export\DanDaMan_bsp\system.mss

10:30:00 WARN  :  [Hsm 55-1559] Software Design already exists with Name C:\Users\Amanjit\Desktop\ECE532\PaintWithVision2\PaintWithVision2.sdk\SDK\SDK_Export\DanDaMan_bsp\system.mss

10:30:00 WARN  :  [Hsm 55-1559] Software Design already exists with Name C:\Users\Amanjit\Desktop\ECE532\PaintWithVision2\PaintWithVision2.sdk\SDK\SDK_Export\DanDaMan_bsp\system.mss

10:30:12 INFO  : Successfully generated C:\Users\Daniel\Documents\Uoft_hw\ECE532\PaintWithVision2\PaintWithVision2.sdk\SDK\SDK_Export\PaintWithVision_code\src\lscript.ld.
10:30:33 INFO  : Processor reset is completed for microblaze_0
10:31:19 WARN  :  [Hsm 55-1559] Software Design already exists with Name C:\Users\Amanjit\Desktop\ECE532\PaintWithVision2\PaintWithVision2.sdk\SDK\SDK_Export\DanDaMan_bsp\system.mss

10:31:19 WARN  :  [Hsm 55-1559] Software Design already exists with Name C:\Users\Amanjit\Desktop\ECE532\PaintWithVision2\PaintWithVision2.sdk\SDK\SDK_Export\DanDaMan_bsp\system.mss

10:31:19 WARN  :  [Hsm 55-1559] Software Design already exists with Name C:\Users\Amanjit\Desktop\ECE532\PaintWithVision2\PaintWithVision2.sdk\SDK\SDK_Export\DanDaMan_bsp\system.mss

10:31:19 WARN  :  [Hsm 55-1559] Software Design already exists with Name C:\Users\Amanjit\Desktop\ECE532\PaintWithVision2\PaintWithVision2.sdk\SDK\SDK_Export\DanDaMan_bsp\system.mss

10:31:19 WARN  :  [Hsm 55-1559] Software Design already exists with Name C:\Users\Amanjit\Desktop\ECE532\PaintWithVision2\PaintWithVision2.sdk\SDK\SDK_Export\DanDaMan_bsp\system.mss

10:31:19 WARN  :  [Hsm 55-1559] Software Design already exists with Name C:\Users\Amanjit\Desktop\ECE532\PaintWithVision2\PaintWithVision2.sdk\SDK\SDK_Export\DanDaMan_bsp\system.mss

10:32:07 INFO  : microblaze_0 Processor is in use. Please stop existing Run or Debug sessions before launching.
10:32:09 INFO  : Processor reset is completed for microblaze_0
10:47:39 INFO  : Processor reset is completed for microblaze_0
10:48:30 INFO  : Processor reset is completed for microblaze_0
10:48:56 INFO  : microblaze_0 Processor is in use. Please stop existing Run or Debug sessions before launching.
10:48:59 INFO  : Processor reset is completed for microblaze_0
10:50:15 INFO  : Processor reset is completed for microblaze_0
11:01:16 INFO  : FPGA Cable Disconnected. All active launches will be terminated.
11:22:01 ERROR : Unexpected error while parsing XMD response ?: com.google.gson.JsonSyntaxException: com.google.gson.stream.MalformedJsonException: invalid number or unquoted string near 
11:42:34 INFO  : Processing command line option -hwspec C:/Users/Daniel/Documents/Uoft_hw/ECE532/PaintWithVision2/PaintWithVision2.sdk/SDK/SDK_Export/hw/design_1.xml.
11:42:37 INFO  : The hardware specification for project 'hw_platform_0' is different from C:/Users/Daniel/Documents/Uoft_hw/ECE532/PaintWithVision2/PaintWithVision2.sdk/SDK/SDK_Export/hw/design_1.xml.
11:42:37 INFO  : Copied contents of C:/Users/Daniel/Documents/Uoft_hw/ECE532/PaintWithVision2/PaintWithVision2.sdk/SDK/SDK_Export/hw/design_1.xml into \hw_platform_0\system.xml.
11:42:47 INFO  : Copied contents of C:\Users\Daniel\Documents\Uoft_hw\ECE532\PaintWithVision2\PaintWithVision2.sdk\SDK\SDK_Export\hw\design_1_wrapper.bit into \hw_platform_0\design_1_wrapper.bit.
11:42:47 INFO  : Copied contents of C:\Users\Daniel\Documents\Uoft_hw\ECE532\PaintWithVision2\PaintWithVision2.sdk\SDK\SDK_Export\hw\design_1_wrapper_bd.bmm into \hw_platform_0\design_1_wrapper_bd.bmm.
11:42:58 INFO  : Synchronizing projects in the workspace with the hardware platform specification changes.
11:43:06 INFO  : 
11:43:07 INFO  : 
11:43:08 INFO  : 
11:43:09 INFO  : Updating hardware inferred compiler options for DanDaMan.
11:43:10 INFO  : Updating hardware inferred compiler options for PaintWithVision_code.
11:43:11 INFO  : Updating hardware inferred compiler options for test.
11:43:11 INFO  : Clearing existing target manager status.
13:38:17 WARN  :  [Hsm 55-1559] Software Design already exists with Name C:\Users\Amanjit\Desktop\ECE532\PaintWithVision2\PaintWithVision2.sdk\SDK\SDK_Export\DanDaMan_bsp\system.mss

13:38:17 WARN  :  [Hsm 55-1559] Software Design already exists with Name C:\Users\Amanjit\Desktop\ECE532\PaintWithVision2\PaintWithVision2.sdk\SDK\SDK_Export\DanDaMan_bsp\system.mss

13:38:17 WARN  :  [Hsm 55-1559] Software Design already exists with Name C:\Users\Amanjit\Desktop\ECE532\PaintWithVision2\PaintWithVision2.sdk\SDK\SDK_Export\DanDaMan_bsp\system.mss

13:38:17 WARN  :  [Hsm 55-1559] Software Design already exists with Name C:\Users\Amanjit\Desktop\ECE532\PaintWithVision2\PaintWithVision2.sdk\SDK\SDK_Export\DanDaMan_bsp\system.mss

13:38:17 WARN  :  [Hsm 55-1559] Software Design already exists with Name C:\Users\Amanjit\Desktop\ECE532\PaintWithVision2\PaintWithVision2.sdk\SDK\SDK_Export\DanDaMan_bsp\system.mss

13:38:17 WARN  :  [Hsm 55-1559] Software Design already exists with Name C:\Users\Amanjit\Desktop\ECE532\PaintWithVision2\PaintWithVision2.sdk\SDK\SDK_Export\DanDaMan_bsp\system.mss

13:38:33 ERROR :  [Hsm 55-1676] Not supported OS. It is supported only for xilkernel

13:38:39 ERROR :  [Hsm 55-1676] Not supported OS. It is supported only for xilkernel

15:48:29 ERROR : Unexpected error while parsing XMD response ?: com.google.gson.JsonSyntaxException: com.google.gson.stream.MalformedJsonException: invalid number or unquoted string near 
14:29:44 INFO  : Processing command line option -hwspec C:/Users/Amanjit/Desktop/ECE532/PaintWithVisionDaniel/PaintWithVision2.sdk/SDK/SDK_Export/hw/design_1.xml.
14:30:15 INFO  : The hardware specification for project 'hw_platform_0' is different from C:/Users/Amanjit/Desktop/ECE532/PaintWithVisionDaniel/PaintWithVision2.sdk/SDK/SDK_Export/hw/design_1.xml.
14:30:16 INFO  : Copied contents of C:/Users/Amanjit/Desktop/ECE532/PaintWithVisionDaniel/PaintWithVision2.sdk/SDK/SDK_Export/hw/design_1.xml into \hw_platform_0\system.xml.
14:30:42 ERROR :  License Feature SDK is not available.

14:32:35 INFO  : Processing command line option -hwspec C:/Users/Amanjit/Desktop/ECE532/PaintWithVisionDaniel/PaintWithVision2.sdk/SDK/SDK_Export/hw/design_1.xml.
14:33:52 INFO  : FPGA configured successfully with bitstream "C:/Users/Amanjit/Desktop/ECE532/PaintWithVisionDaniel/PaintWithVision2.sdk/SDK/SDK_Export/hw_platform_0/design_1_wrapper.bit"
14:35:07 INFO  : Processor reset is completed for microblaze_0
14:35:07 ERROR : No such port: COM7
14:35:28 INFO  : Processor reset is completed for microblaze_0
14:38:21 INFO  : Processor reset is completed for microblaze_0
14:39:07 INFO  : Processor reset is completed for microblaze_0
14:39:07 ERROR : No such port: COM7
14:40:21 INFO  : microblaze_0 Processor is in use. Please stop existing Run or Debug sessions before launching.
14:40:23 INFO  : Processor reset is completed for microblaze_0
14:40:23 ERROR : No such port: COM7
14:45:01 INFO  : microblaze_0 Processor is in use. Please stop existing Run or Debug sessions before launching.
14:45:03 INFO  : Processor reset is completed for microblaze_0
14:45:04 ERROR : No such port: COM7
14:49:55 INFO  : Processor reset is completed for microblaze_0
14:49:55 ERROR : No such port: COM7
14:50:17 INFO  : microblaze_0 Processor is in use. Please stop existing Run or Debug sessions before launching.
14:50:22 INFO  : Processor reset is completed for microblaze_0
14:50:22 ERROR : No such port: COM7
14:53:01 INFO  : microblaze_0 Processor is in use. Please stop existing Run or Debug sessions before launching.
14:53:03 INFO  : Processor reset is completed for microblaze_0
14:53:03 ERROR : No such port: COM7
15:01:32 INFO  : microblaze_0 Processor is in use. Please stop existing Run or Debug sessions before launching.
15:01:35 INFO  : Processor reset is completed for microblaze_0
15:01:35 ERROR : No such port: COM7
15:02:09 INFO  : microblaze_0 Processor is in use. Please stop existing Run or Debug sessions before launching.
15:02:10 INFO  : Processor reset is completed for microblaze_0
15:02:10 ERROR : No such port: COM7
15:02:56 INFO  : FPGA configured successfully with bitstream "C:/Users/Amanjit/Desktop/ECE532/PaintWithVisionDaniel/PaintWithVision2.sdk/SDK/SDK_Export/hw_platform_0/design_1_wrapper.bit"
15:03:10 INFO  : Processor reset is completed for microblaze_0
15:03:10 ERROR : No such port: COM7
15:03:50 INFO  : microblaze_0 Processor is in use. Please stop existing Run or Debug sessions before launching.
15:03:52 INFO  : Processor reset is completed for microblaze_0
15:03:53 ERROR : No such port: COM7
15:04:26 INFO  : microblaze_0 Processor is in use. Please stop existing Run or Debug sessions before launching.
15:04:28 INFO  : Processor reset is completed for microblaze_0
15:04:29 ERROR : No such port: COM7
15:08:02 INFO  : microblaze_0 Processor is in use. Please stop existing Run or Debug sessions before launching.
15:08:52 INFO  : Processor reset is completed for microblaze_0
15:08:52 ERROR : No such port: COM7
15:11:21 INFO  : microblaze_0 Processor is in use. Please stop existing Run or Debug sessions before launching.
15:11:23 INFO  : Processor reset is completed for microblaze_0
15:11:23 ERROR : No such port: COM7
15:11:50 INFO  : microblaze_0 Processor is in use. Please stop existing Run or Debug sessions before launching.
15:11:52 INFO  : Processor reset is completed for microblaze_0
15:11:53 ERROR : No such port: COM7
15:16:00 INFO  : microblaze_0 Processor is in use. Please stop existing Run or Debug sessions before launching.
15:16:01 INFO  : Processor reset is completed for microblaze_0
15:16:02 ERROR : No such port: COM7
15:27:39 INFO  : Processing command line option -hwspec C:/Users/Amanjit/Desktop/ECE532/PaintWithVisionDaniel/PaintWithVision2.sdk/SDK/SDK_Export/hw/design_1.xml.
15:33:47 ERROR : Unexpected error while parsing XMD response ?: com.google.gson.JsonSyntaxException: com.google.gson.stream.MalformedJsonException: invalid number or unquoted string near 
