#
# A fatal error has been detected by the Java Runtime Environment:
#
#  EXCEPTION_ACCESS_VIOLATION (0xc0000005) at pc=0x000007fee62212d6, pid=3720, tid=1788
#
# JRE version: Java(TM) SE Runtime Environment (7.0_40-b43) (build 1.7.0_40-b43)
# Java VM: Java HotSpot(TM) 64-Bit Server VM (24.0-b56 mixed mode windows-amd64 compressed oops)
# Problematic frame:
# C  [librdi_coregen.dll+0x5112d6]
#
# Failed to write core dump. Minidumps are not enabled by default on client versions of Windows
#
# If you would like to submit a bug report, please visit:
#   http://bugreport.sun.com/bugreport/crash.jsp
# The crash happened outside the Java Virtual Machine in native code.
# See problematic frame for where to report the bug.
#

---------------  T H R E A D  ---------------

Current thread (0x0000000007bb3800):  JavaThread "AWT-EventQueue-1" [_thread_in_native, id=1788, stack(0x000000001ab10000,0x000000001ae10000)]

siginfo: ExceptionCode=0xc0000005, reading address 0xffffffffffffffff

Registers:
RAX=0x000007fee69a8ba8, RBX=0x00000007f21e1ae0, RCX=0x000000004b159f50, RDX=0x000000001ae0cfb0
RSP=0x000000001ae0cf50, RBP=0x000000001ae0d0d8, RSI=0x000000000000000c, RDI=0x0000000007bb39e8
R8 =0x000000004b159f50, R9 =0x00000000e6003cd3, R10=0x000000000a9a2c39, R11=0x000000001ae0d058
R12=0x0000000000000000, R13=0x00000007f21e1ae0, R14=0x0000000000000000, R15=0x0000000007bb3800
RIP=0x000007fee62212d6, EFLAGS=0x0000000000010246

Top of Stack: (sp=0x000000001ae0cf50)
0x000000001ae0cf50:   000000000a996215 0000000040000021
0x000000001ae0cf60:   000000001ae0cf90 000007fee61dd950
0x000000001ae0cf70:   0000000007bb39e8 000000073001e7a0
0x000000001ae0cf80:   000000073001e7a0 fffffffffffffffe
0x000000001ae0cf90:   0000000007bb39e8 000000000aa89899
0x000000001ae0cfa0:   000000001ae0d068 fffffffffffffffe
0x000000001ae0cfb0:   000000073aced270 000000000d8bab50
0x000000001ae0cfc0:   0000000083dee000 0000af282ed3ce58
0x000000001ae0cfd0:   000000008f717000 000000000a9a3196
0x000000001ae0cfe0:   0000000000000000 000000000000000f
0x000000001ae0cff0:   000000001ae0d050 000000000a9960f8
0x000000001ae0d000:   000000000a9960f8 000000073001e7a0
0x000000001ae0d010:   000000001ae0d010 0000af282ed3ce08
0x000000001ae0d020:   000000073001e7a0 000000000dae7923
0x000000001ae0d030:   00000007f43a08f0 0000af282ed3ce28
0x000000001ae0d040:   000000001ae0d100 00000007f43a0b88 

Instructions: (pc=0x000007fee62212d6)
0x000007fee62212b6:   c7 43 90 0f 00 00 00 45 33 f6 4d 89 73 88 45 88
0x000007fee62212c6:   b3 78 ff ff ff 49 8b 00 48 8d 54 24 60 49 8b c8
0x000007fee62212d6:   ff 90 10 01 00 00 90 48 8d 8c 24 80 00 00 00 48
0x000007fee62212e6:   83 cb ff 48 3b c8 74 17 4c 8b cb 45 33 c0 48 8b 


Register to memory mapping:

RAX=0x000007fee69a8ba8 is an unknown value
RBX=0x00000007f21e1ae0 is an oop
{method} 
 - klass: {other class}
RCX=0x000000004b159f50 is an unknown value
RDX=0x000000001ae0cfb0 is pointing into the stack for thread: 0x0000000007bb3800
RSP=0x000000001ae0cf50 is pointing into the stack for thread: 0x0000000007bb3800
RBP=0x000000001ae0d0d8 is pointing into the stack for thread: 0x0000000007bb3800
RSI=0x000000000000000c is an unknown value
RDI=0x0000000007bb39e8 is an unknown value
R8 =0x000000004b159f50 is an unknown value
R9 =0x00000000e6003cd3 is an unknown value
R10=0x000000000a9a2c39 is at code_begin+665 in an Interpreter codelet
method entry point (kind = native)  [0x000000000a9a29a0, 0x000000000a9a3240]  2208 bytes
R11=0x000000001ae0d058 is pointing into the stack for thread: 0x0000000007bb3800
R12=0x0000000000000000 is an unknown value
R13=0x00000007f21e1ae0 is an oop
{method} 
 - klass: {other class}
R14=0x0000000000000000 is an unknown value
R15=0x0000000007bb3800 is a thread


Stack: [0x000000001ab10000,0x000000001ae10000],  sp=0x000000001ae0cf50,  free space=3059k
Native frames: (J=compiled Java code, j=interpreted, Vv=VM code, C=native code)
C  [librdi_coregen.dll+0x5112d6]
j  ui.data.coregen.dK.SL()Ljava/lang/String;+4
j  ui.views.e.z.SM()Ljava/lang/String;+4
j  ui.views.e.z.cOR()V+84
j  ui.views.e.z.componentResized(Ljava/awt/event/ComponentEvent;)V+1
J  java.awt.Component.processComponentEvent(Ljava/awt/event/ComponentEvent;)V

Java frames: (J=compiled Java code, j=interpreted, Vv=VM code)
j  ui.data.coregen.packagerEngine.TopFileObject_getVlnv(J)Ljava/lang/String;+0
j  ui.data.coregen.dK.SL()Ljava/lang/String;+4
j  ui.views.e.z.SM()Ljava/lang/String;+4
j  ui.views.e.z.cOR()V+84
j  ui.views.e.z.componentResized(Ljava/awt/event/ComponentEvent;)V+1
J  java.awt.Component.processComponentEvent(Ljava/awt/event/ComponentEvent;)V
j  de.concept.nlview.Nlview.processComponentEvent(Ljava/awt/event/ComponentEvent;)V+2
J  java.awt.Container.processEvent(Ljava/awt/AWTEvent;)V
J  java.awt.Component.dispatchEventImpl(Ljava/awt/AWTEvent;)V
J  java.awt.Container.dispatchEventImpl(Ljava/awt/AWTEvent;)V
J  java.awt.EventQueue$3.run()Ljava/lang/Object;
v  ~StubRoutines::call_stub
J  java.security.AccessController.doPrivileged(Ljava/security/PrivilegedAction;Ljava/security/AccessControlContext;)Ljava/lang/Object;
J  java.security.ProtectionDomain$1.doIntersectionPrivilege(Ljava/security/PrivilegedAction;Ljava/security/AccessControlContext;Ljava/security/AccessControlContext;)Ljava/lang/Object;
J  java.awt.EventQueue$4.run()Ljava/lang/Object;
v  ~StubRoutines::call_stub
J  java.security.AccessController.doPrivileged(Ljava/security/PrivilegedAction;Ljava/security/AccessControlContext;)Ljava/lang/Object;
J  java.security.ProtectionDomain$1.doIntersectionPrivilege(Ljava/security/PrivilegedAction;Ljava/security/AccessControlContext;Ljava/security/AccessControlContext;)Ljava/lang/Object;
J  java.awt.EventQueue.dispatchEvent(Ljava/awt/AWTEvent;)V
J  java.awt.EventDispatchThread.pumpOneEventForFilters(I)V
J  java.awt.EventDispatchThread.pumpEventsForFilter(ILjava/awt/Conditional;Ljava/awt/EventFilter;)V
j  java.awt.EventDispatchThread.pumpEventsForHierarchy(ILjava/awt/Conditional;Ljava/awt/Component;)V+11
j  java.awt.EventDispatchThread.pumpEvents(ILjava/awt/Conditional;)V+4
j  java.awt.EventDispatchThread.pumpEvents(Ljava/awt/Conditional;)V+3
j  java.awt.EventDispatchThread.run()V+9
v  ~StubRoutines::call_stub

---------------  P R O C E S S  ---------------

Java Threads: ( => current thread )
  0x000000008f71e800 JavaThread "Image Fetcher 0" daemon [_thread_blocked, id=4104, stack(0x0000000091d50000,0x0000000092050000)]
  0x00000000817ce800 JavaThread "Monitor File Timestamp" [_thread_blocked, id=3764, stack(0x00000000981e0000,0x00000000984e0000)]
  0x00000000817cf800 JavaThread "Monitor File Timestamp" [_thread_blocked, id=6952, stack(0x0000000091110000,0x0000000091410000)]
  0x0000000080d94800 JavaThread "Monitor File Timestamp" [_thread_blocked, id=720, stack(0x0000000096d20000,0x0000000097020000)]
  0x000000002a75f800 JavaThread "Monitor File Timestamp" [_thread_blocked, id=1816, stack(0x00000000337b0000,0x0000000033ab0000)]
  0x000000002a75b800 JavaThread "Monitor File Timestamp" [_thread_blocked, id=568, stack(0x00000000333d0000,0x00000000336d0000)]
  0x000000002a75c800 JavaThread "Monitor File Timestamp" [_thread_blocked, id=2376, stack(0x00000000330c0000,0x00000000333c0000)]
  0x0000000028d9f800 JavaThread "Monitor File Timestamp" [_thread_blocked, id=5540, stack(0x0000000032d00000,0x0000000033000000)]
  0x000000000232e000 JavaThread "Update Runs" [_thread_blocked, id=4724, stack(0x00000000329a0000,0x0000000032ca0000)]
  0x000000000232e800 JavaThread "Refresh Filesets" [_thread_blocked, id=4296, stack(0x0000000022ba0000,0x0000000022ea0000)]
  0x000000002f257800 JavaThread "Monitor File Timestamp" [_thread_blocked, id=3440, stack(0x000000002fb80000,0x000000002fe80000)]
  0x000000002ea47800 JavaThread "Monitor File Timestamp" [_thread_blocked, id=2388, stack(0x000000002ebf0000,0x000000002eef0000)]
  0x000000002c5d3800 JavaThread "Monitor File Timestamp" [_thread_blocked, id=5956, stack(0x000000002d1c0000,0x000000002d4c0000)]
  0x0000000020001800 JavaThread "hw_ila_monitor" [_thread_blocked, id=6740, stack(0x0000000028560000,0x0000000028860000)]
  0x000000001b943800 JavaThread "Update Runs" [_thread_blocked, id=1692, stack(0x0000000027b00000,0x0000000027e00000)]
  0x000000001b91d800 JavaThread "Refresh Filesets" [_thread_blocked, id=7432, stack(0x0000000027680000,0x0000000027980000)]
  0x000000001f127800 JavaThread "Swing-Shell" daemon [_thread_blocked, id=364, stack(0x0000000022f70000,0x0000000023270000)]
  0x0000000020d34800 JavaThread "Monitor File Timestamp" [_thread_blocked, id=1420, stack(0x00000000227a0000,0x0000000022aa0000)]
  0x0000000019265800 JavaThread "D3D Screen Updater" daemon [_thread_blocked, id=1976, stack(0x000000001d4e0000,0x000000001d7e0000)]
=>0x0000000007bb3800 JavaThread "AWT-EventQueue-1" [_thread_in_native, id=1788, stack(0x000000001ab10000,0x000000001ae10000)]
  0x0000000007b91800 JavaThread "Process Messages" [_thread_blocked, id=7516, stack(0x000000001a7b0000,0x000000001aab0000)]
  0x0000000007e29800 JavaThread "Thread-3" [_thread_in_native, id=2224, stack(0x00000000027d0000,0x0000000003bd0000)]
  0x0000000018600800 JavaThread "AWT-EventQueue-0" [_thread_blocked, id=7508, stack(0x000000001a490000,0x000000001a790000)]
  0x0000000019171000 JavaThread "AWT-Windows" daemon [_thread_in_native, id=6408, stack(0x000000001a0a0000,0x000000001a3a0000)]
  0x0000000019172800 JavaThread "AWT-Shutdown" [_thread_blocked, id=3848, stack(0x0000000019c90000,0x0000000019f90000)]
  0x0000000019175800 JavaThread "Java2D Disposer" daemon [_thread_blocked, id=5232, stack(0x0000000019850000,0x0000000019b50000)]
  0x00000000185bf800 JavaThread "TimerQueue" daemon [_thread_blocked, id=4780, stack(0x0000000018710000,0x0000000018a10000)]
  0x000000000a2e1000 JavaThread "Service Thread" daemon [_thread_blocked, id=8044, stack(0x00000000179f0000,0x0000000017cf0000)]
  0x000000000a2d1800 JavaThread "C1 CompilerThread3" daemon [_thread_in_vm, id=7140, stack(0x0000000017800000,0x0000000017900000)]
  0x000000000a2d3800 JavaThread "C2 CompilerThread2" daemon [_thread_blocked, id=6664, stack(0x0000000011d70000,0x0000000011e70000)]
  0x000000000a2c1800 JavaThread "C2 CompilerThread1" daemon [_thread_blocked, id=6292, stack(0x0000000017650000,0x0000000017750000)]
  0x000000000a2c3800 JavaThread "C2 CompilerThread0" daemon [_thread_blocked, id=7536, stack(0x0000000011e70000,0x0000000011f70000)]
  0x0000000008533000 JavaThread "Attach Listener" daemon [_thread_blocked, id=3420, stack(0x0000000011a20000,0x0000000011d20000)]
  0x0000000008511000 JavaThread "Signal Dispatcher" daemon [_thread_blocked, id=5424, stack(0x00000000116a0000,0x00000000119a0000)]
  0x0000000008513000 JavaThread "Surrogate Locker Thread (Concurrent GC)" daemon [_thread_blocked, id=6124, stack(0x0000000011300000,0x0000000011600000)]
  0x0000000008491000 JavaThread "Finalizer" daemon [_thread_blocked, id=5732, stack(0x0000000010f80000,0x0000000011280000)]
  0x0000000008492800 JavaThread "Reference Handler" daemon [_thread_blocked, id=3048, stack(0x0000000010be0000,0x0000000010ee0000)]
  0x0000000004ae6000 JavaThread "main" [_thread_blocked, id=7416, stack(0x0000000008070000,0x0000000008170000)]

Other Threads:
  0x0000000008485000 VMThread [stack: 0x0000000010a40000,0x0000000010b40000] [id=2260]
  0x000000000a897800 WatcherThread [stack: 0x0000000017dd0000,0x0000000017ed0000] [id=7792]

VM state:not at safepoint (normal execution)

VM Mutex/Monitor currently owned by a thread:  ([mutex/lock_event])
[0x0000000007ec1800] CompiledIC_lock - owner thread: 0x000000000a2d1800

Heap
 par new generation   total 55296K, used 3964K [0x0000000730000000, 0x0000000733c00000, 0x0000000733c00000)
  eden space 49152K,   1% used [0x0000000730000000, 0x00000007300d3ee8, 0x0000000733000000)
  from space 6144K,  50% used [0x0000000733600000, 0x000000073390b488, 0x0000000733c00000)
  to   space 6144K,   0% used [0x0000000733000000, 0x0000000733000000, 0x0000000733600000)
 concurrent mark-sweep generation total 282852K, used 155389K [0x0000000733c00000, 0x0000000745039000, 0x00000007f0000000)
 concurrent-mark-sweep perm gen total 262144K, used 70785K [0x00000007f0000000, 0x0000000800000000, 0x0000000800000000)

Card table byte_map: [0x0000000008e20000,0x00000000094b0000] byte_map_base: 0x00000000054a0000

Polling page: 0x0000000000620000

Code Cache  [0x000000000a990000, 0x000000000df60000, 0x0000000010990000)
 total_blobs=13565 nmethods=12630 adapters=848 free_code_cache=43752Kb largest_free_block=44265280

Compilation events (10 events):
Event: 10505.693 Thread 0x000000000a2c1800 18077   !   4       sun.swing.CachedPainter::paint (113 bytes)
Event: 10505.705 Thread 0x000000000a2c3800 nmethod 18076 0x000000000b7cf990 code [0x000000000b7cfb20, 0x000000000b7d0138]
Event: 10505.756 Thread 0x000000000a2d1800 18078       3       com.jidesoft.swing.SoftHashMap::get (57 bytes)
Event: 10505.757 Thread 0x000000000a2d1800 nmethod 18078 0x000000000be8d790 code [0x000000000be8d960, 0x000000000be8e038]
Event: 10505.782 Thread 0x000000000a2d1800 18080       3       sun.awt.image.SunWritableRaster::markDirty (13 bytes)
Event: 10505.783 Thread 0x000000000a2d1800 nmethod 18080 0x000000000b41c110 code [0x000000000b41c280, 0x000000000b41c570]
Event: 10505.840 Thread 0x000000000a2d1800 18081       3       com.jidesoft.action.CommandBar::remove (117 bytes)
Event: 10505.841 Thread 0x000000000a2d1800 nmethod 18081 0x000000000bebf550 code [0x000000000bebf740, 0x000000000bec00d8]
Event: 10505.870 Thread 0x000000000a2d1800 18082       3       com.jidesoft.action.CommandBar$b_::removeLayoutComponent (20 bytes)
Event: 10505.871 Thread 0x000000000a2d1800 nmethod 18082 0x000000000b649050 code [0x000000000b6491e0, 0x000000000b649868]

GC Heap History (10 events):
Event: 9204.971 GC heap before
{Heap before GC invocations=236 (full 17):
 par new generation   total 55296K, used 51025K [0x0000000730000000, 0x0000000733c00000, 0x0000000733c00000)
  eden space 49152K, 100% used [0x0000000730000000, 0x0000000733000000, 0x0000000733000000)
  from space 6144K,  30% used [0x0000000733600000, 0x00000007337d4668, 0x0000000733c00000)
  to   space 6144K,   0% used [0x0000000733000000, 0x0000000733000000, 0x0000000733600000)
 concurrent mark-sweep generation total 282852K, used 166719K [0x0000000733c00000, 0x0000000745039000, 0x00000007f0000000)
 concurrent-mark-sweep perm gen total 262144K, used 70777K [0x00000007f0000000, 0x0000000800000000, 0x0000000800000000)
Event: 9204.995 GC heap after
Heap after GC invocations=237 (full 17):
 par new generation   total 55296K, used 4770K [0x0000000730000000, 0x0000000733c00000, 0x0000000733c00000)
  eden space 49152K,   0% used [0x0000000730000000, 0x0000000730000000, 0x0000000733000000)
  from space 6144K,  77% used [0x0000000733000000, 0x00000007334a8870, 0x0000000733600000)
  to   space 6144K,   0% used [0x0000000733600000, 0x0000000733600000, 0x0000000733c00000)
 concurrent mark-sweep generation total 282852K, used 166719K [0x0000000733c00000, 0x0000000745039000, 0x00000007f0000000)
 concurrent-mark-sweep perm gen total 262144K, used 70777K [0x00000007f0000000, 0x0000000800000000, 0x0000000800000000)
}
Event: 9515.453 GC heap before
{Heap before GC invocations=237 (full 17):
 par new generation   total 55296K, used 44982K [0x0000000730000000, 0x0000000733c00000, 0x0000000733c00000)
  eden space 49152K,  81% used [0x0000000730000000, 0x0000000732745158, 0x0000000733000000)
  from space 6144K,  77% used [0x0000000733000000, 0x00000007334a8870, 0x0000000733600000)
  to   space 6144K,   0% used [0x0000000733600000, 0x0000000733600000, 0x0000000733c00000)
 concurrent mark-sweep generation total 282852K, used 166719K [0x0000000733c00000, 0x0000000745039000, 0x00000007f0000000)
 concurrent-mark-sweep perm gen total 262144K, used 70777K [0x00000007f0000000, 0x0000000800000000, 0x0000000800000000)
Event: 9516.147 GC heap after
Heap after GC invocations=238 (full 18):
 par new generation   total 55296K, used 0K [0x0000000730000000, 0x0000000733c00000, 0x0000000733c00000)
  eden space 49152K,   0% used [0x0000000730000000, 0x0000000730000000, 0x0000000733000000)
  from space 6144K,   0% used [0x0000000733000000, 0x0000000733000000, 0x0000000733600000)
  to   space 6144K,   0% used [0x0000000733600000, 0x0000000733600000, 0x0000000733c00000)
 concurrent mark-sweep generation total 282852K, used 144803K [0x0000000733c00000, 0x0000000745039000, 0x00000007f0000000)
 concurrent-mark-sweep perm gen total 262144K, used 70773K [0x00000007f0000000, 0x0000000800000000, 0x0000000800000000)
}
Event: 9897.420 GC heap before
{Heap before GC invocations=238 (full 18):
 par new generation   total 55296K, used 49152K [0x0000000730000000, 0x0000000733c00000, 0x0000000733c00000)
  eden space 49152K, 100% used [0x0000000730000000, 0x0000000733000000, 0x0000000733000000)
  from space 6144K,   0% used [0x0000000733000000, 0x0000000733000000, 0x0000000733600000)
  to   space 6144K,   0% used [0x0000000733600000, 0x0000000733600000, 0x0000000733c00000)
 concurrent mark-sweep generation total 282852K, used 144803K [0x0000000733c00000, 0x0000000745039000, 0x00000007f0000000)
 concurrent-mark-sweep perm gen total 262144K, used 70773K [0x00000007f0000000, 0x0000000800000000, 0x0000000800000000)
Event: 9897.446 GC heap after
Heap after GC invocations=239 (full 18):
 par new generation   total 55296K, used 4144K [0x0000000730000000, 0x0000000733c00000, 0x0000000733c00000)
  eden space 49152K,   0% used [0x0000000730000000, 0x0000000730000000, 0x0000000733000000)
  from space 6144K,  67% used [0x0000000733600000, 0x0000000733a0c230, 0x0000000733c00000)
  to   space 6144K,   0% used [0x0000000733000000, 0x0000000733000000, 0x0000000733600000)
 concurrent mark-sweep generation total 282852K, used 144803K [0x0000000733c00000, 0x0000000745039000, 0x00000007f0000000)
 concurrent-mark-sweep perm gen total 262144K, used 70773K [0x00000007f0000000, 0x0000000800000000, 0x0000000800000000)
}
Event: 10282.671 GC heap before
{Heap before GC invocations=239 (full 18):
 par new generation   total 55296K, used 53296K [0x0000000730000000, 0x0000000733c00000, 0x0000000733c00000)
  eden space 49152K, 100% used [0x0000000730000000, 0x0000000733000000, 0x0000000733000000)
  from space 6144K,  67% used [0x0000000733600000, 0x0000000733a0c230, 0x0000000733c00000)
  to   space 6144K,   0% used [0x0000000733000000, 0x0000000733000000, 0x0000000733600000)
 concurrent mark-sweep generation total 282852K, used 144803K [0x0000000733c00000, 0x0000000745039000, 0x00000007f0000000)
 concurrent-mark-sweep perm gen total 262144K, used 70773K [0x00000007f0000000, 0x0000000800000000, 0x0000000800000000)
Event: 10282.695 GC heap after
Heap after GC invocations=240 (full 18):
 par new generation   total 55296K, used 4328K [0x0000000730000000, 0x0000000733c00000, 0x0000000733c00000)
  eden space 49152K,   0% used [0x0000000730000000, 0x0000000730000000, 0x0000000733000000)
  from space 6144K,  70% used [0x0000000733000000, 0x000000073343a090, 0x0000000733600000)
  to   space 6144K,   0% used [0x0000000733600000, 0x0000000733600000, 0x0000000733c00000)
 concurrent mark-sweep generation total 282852K, used 144868K [0x0000000733c00000, 0x0000000745039000, 0x00000007f0000000)
 concurrent-mark-sweep perm gen total 262144K, used 70773K [0x00000007f0000000, 0x0000000800000000, 0x0000000800000000)
}
Event: 10505.845 GC heap before
{Heap before GC invocations=240 (full 18):
 par new generation   total 55296K, used 53480K [0x0000000730000000, 0x0000000733c00000, 0x0000000733c00000)
  eden space 49152K, 100% used [0x0000000730000000, 0x0000000733000000, 0x0000000733000000)
  from space 6144K,  70% used [0x0000000733000000, 0x000000073343a090, 0x0000000733600000)
  to   space 6144K,   0% used [0x0000000733600000, 0x0000000733600000, 0x0000000733c00000)
 concurrent mark-sweep generation total 282852K, used 144868K [0x0000000733c00000, 0x0000000745039000, 0x00000007f0000000)
 concurrent-mark-sweep perm gen total 262144K, used 70784K [0x00000007f0000000, 0x0000000800000000, 0x0000000800000000)
Event: 10505.860 GC heap after
Heap after GC invocations=241 (full 18):
 par new generation   total 55296K, used 3117K [0x0000000730000000, 0x0000000733c00000, 0x0000000733c00000)
  eden space 49152K,   0% used [0x0000000730000000, 0x0000000730000000, 0x0000000733000000)
  from space 6144K,  50% used [0x0000000733600000, 0x000000073390b488, 0x0000000733c00000)
  to   space 6144K,   0% used [0x0000000733000000, 0x0000000733000000, 0x0000000733600000)
 concurrent mark-sweep generation total 282852K, used 155389K [0x0000000733c00000, 0x0000000745039000, 0x00000007f0000000)
 concurrent-mark-sweep perm gen total 262144K, used 70784K [0x00000007f0000000, 0x0000000800000000, 0x0000000800000000)
}

Deoptimization events (10 events):
Event: 8724.171 Thread 0x0000000007bb3800 Uncommon trap: reason=class_check action=maybe_recompile pc=0x000000000bfab2b8 method=javax.swing.plaf.basic.BasicComboBoxUI$Handler.propertyChange(Ljava/beans/PropertyChangeEvent;)V @ 205
Event: 8724.178 Thread 0x0000000007bb3800 Uncommon trap: reason=class_check action=maybe_recompile pc=0x000000000bfab2b8 method=javax.swing.plaf.basic.BasicComboBoxUI$Handler.propertyChange(Ljava/beans/PropertyChangeEvent;)V @ 205
Event: 8724.181 Thread 0x0000000007bb3800 Uncommon trap: reason=class_check action=maybe_recompile pc=0x000000000bfab2b8 method=javax.swing.plaf.basic.BasicComboBoxUI$Handler.propertyChange(Ljava/beans/PropertyChangeEvent;)V @ 205
Event: 10388.669 Thread 0x0000000007bb3800 Uncommon trap: reason=unreached action=reinterpret pc=0x000000000cce98b8 method=com.jidesoft.swing.SoftHashMap.expungeStaleEntries()V @ 9
Event: 10388.899 Thread 0x0000000007bb3800 Uncommon trap: reason=bimorphic action=maybe_recompile pc=0x000000000cb3618c method=sun.java2d.SurfaceDataProxy.replaceData(Lsun/java2d/SurfaceData;ILsun/java2d/loops/CompositeType;Ljava/awt/Color;)Lsun/java2d/SurfaceData; @ 108
Event: 10388.900 Thread 0x0000000007bb3800 Uncommon trap: reason=bimorphic action=maybe_recompile pc=0x000000000cb3618c method=sun.java2d.SurfaceDataProxy.replaceData(Lsun/java2d/SurfaceData;ILsun/java2d/loops/CompositeType;Ljava/awt/Color;)Lsun/java2d/SurfaceData; @ 108
Event: 10388.900 Thread 0x0000000007bb3800 Uncommon trap: reason=bimorphic action=maybe_recompile pc=0x000000000cb3618c method=sun.java2d.SurfaceDataProxy.replaceData(Lsun/java2d/SurfaceData;ILsun/java2d/loops/CompositeType;Ljava/awt/Color;)Lsun/java2d/SurfaceData; @ 108
Event: 10388.903 Thread 0x0000000007bb3800 Uncommon trap: reason=bimorphic action=maybe_recompile pc=0x000000000cb3618c method=sun.java2d.SurfaceDataProxy.replaceData(Lsun/java2d/SurfaceData;ILsun/java2d/loops/CompositeType;Ljava/awt/Color;)Lsun/java2d/SurfaceData; @ 108
Event: 10389.224 Thread 0x0000000007bb3800 Uncommon trap: reason=class_check action=maybe_recompile pc=0x000000000bcfa2ec method=sun.java2d.SurfaceData.getSourceSurfaceData(Ljava/awt/Image;ILsun/java2d/loops/CompositeType;Ljava/awt/Color;)Lsun/java2d/SurfaceData; @ 78
Event: 10505.573 Thread 0x0000000019171000 Uncommon trap: reason=bimorphic action=maybe_recompile pc=0x000000000cb2e598 method=sun.awt.windows.WComponentPeer.postEvent(Ljava/awt/AWTEvent;)V @ 2

Internal exceptions (10 events):
Event: 6160.374 Thread 0x0000000007bb3800 Threw 0x0000000731617688 at C:\jdk7u2_64p\jdk7u40\hotspot\src\share\vm\prims\jvm.cpp:1244
Event: 6160.542 Thread 0x0000000007bb3800 Threw 0x000000073167fde0 at C:\jdk7u2_64p\jdk7u40\hotspot\src\share\vm\prims\jni.cpp:717
Event: 6170.788 Thread 0x0000000007bb3800 Threw 0x0000000731fceea0 at C:\jdk7u2_64p\jdk7u40\hotspot\src\share\vm\prims\jvm.cpp:1244
Event: 7094.779 Thread 0x0000000007bb3800 Threw 0x00000007300933c0 at C:\jdk7u2_64p\jdk7u40\hotspot\src\share\vm\prims\jvm.cpp:1244
Event: 7094.781 Thread 0x0000000007bb3800 Threw 0x0000000730099468 at C:\jdk7u2_64p\jdk7u40\hotspot\src\share\vm\prims\jvm.cpp:1244
Event: 7094.782 Thread 0x0000000007bb3800 Threw 0x000000073009d598 at C:\jdk7u2_64p\jdk7u40\hotspot\src\share\vm\prims\jvm.cpp:1244
Event: 7094.782 Thread 0x0000000007bb3800 Threw 0x00000007300a1198 at C:\jdk7u2_64p\jdk7u40\hotspot\src\share\vm\prims\jvm.cpp:1244
Event: 7094.787 Thread 0x0000000007bb3800 Threw 0x00000007300d2230 at C:\jdk7u2_64p\jdk7u40\hotspot\src\share\vm\prims\jvm.cpp:1244
Event: 7094.827 Thread 0x0000000007bb3800 Threw 0x000000073048d358 at C:\jdk7u2_64p\jdk7u40\hotspot\src\share\vm\prims\jvm.cpp:1244
Event: 8716.586 Thread 0x0000000007bb3800 Threw 0x00000007329fa890 at C:\jdk7u2_64p\jdk7u40\hotspot\src\share\vm\prims\jvm.cpp:1244

Events (10 events):
Event: 10505.663 Thread 0x000000000a2d1800 flushing nmethod 0x000000000b41c110
Event: 10505.672 Thread 0x000000000a2d1800 flushing nmethod 0x000000000b7cf990
Event: 10505.697 Thread 0x000000008f71e800 Thread added: 0x000000008f71e800
Event: 10505.706 Thread 0x000000000a2c3800 flushing nmethod 0x000000000be8d650
Event: 10505.707 Thread 0x000000000a2c3800 flushing nmethod 0x000000000bebef10
Event: 10505.789 Thread 0x000000000a2d1800 flushing nmethod 0x000000000c61d7d0
Event: 10505.841 Thread 0x000000000a2d1800 flushing nmethod 0x000000000c759250
Event: 10505.845 Executing VM operation: GenCollectForAllocation
Event: 10505.860 Executing VM operation: GenCollectForAllocation done
Event: 10505.870 Thread 0x000000000a2d1800 flushing nmethod 0x000000000cbe2e90


Dynamic libraries:
0x000000013f200000 - 0x000000013f23d000 	C:\Xilinx\Vivado\2014.1\bin\unwrapped\win64.o\vivado.exe
0x0000000077ae0000 - 0x0000000077c89000 	C:\Windows\SYSTEM32\ntdll.dll
0x00000000778c0000 - 0x00000000779df000 	C:\Windows\system32\kernel32.dll
0x000007fefdbd0000 - 0x000007fefdc3c000 	C:\Windows\system32\KERNELBASE.dll
0x00000000755c0000 - 0x0000000075647000 	C:\Windows\System32\SYSFER.DLL
0x000000000a900000 - 0x000000000a98d000 	C:\Xilinx\Vivado\2014.1\lib\win64.o\SHSMP64.dll
0x00000000779e0000 - 0x0000000077ada000 	C:\Windows\system32\USER32.dll
0x000007fefdce0000 - 0x000007fefdd47000 	C:\Windows\system32\GDI32.dll
0x000007feff840000 - 0x000007feff84e000 	C:\Windows\system32\LPK.dll
0x000007fefed00000 - 0x000007fefedc9000 	C:\Windows\system32\USP10.dll
0x000007feffd50000 - 0x000007feffdef000 	C:\Windows\system32\msvcrt.dll
0x000007fefef50000 - 0x000007feff02b000 	C:\Windows\system32\ADVAPI32.dll
0x000007feff380000 - 0x000007feff39f000 	C:\Windows\SYSTEM32\sechost.dll
0x000007feff600000 - 0x000007feff72d000 	C:\Windows\system32\RPCRT4.dll
0x000007fefc990000 - 0x000007fefc99c000 	C:\Windows\system32\VERSION.dll
0x000007fefc260000 - 0x000007fefc273000 	C:\Xilinx\Vivado\2014.1\lib\win64.o\libboost_signals.dll
0x000007fef6d40000 - 0x000007fef6de7000 	C:\Windows\system32\MSVCP110.dll
0x000007fef6c60000 - 0x000007fef6d34000 	C:\Windows\system32\MSVCR110.dll
0x000007fef44c0000 - 0x000007fef4c55000 	C:\Xilinx\Vivado\2014.1\lib\win64.o\librdi_common.dll
0x000007fef4210000 - 0x000007fef44b8000 	C:\Xilinx\Vivado\2014.1\lib\win64.o\libCOIN-all.dll
0x000007fef3ff0000 - 0x000007fef420d000 	C:\Xilinx\Vivado\2014.1\lib\win64.o\libXil_lmgr11.dll
0x000007fefb770000 - 0x000007fefb786000 	C:\Windows\system32\NETAPI32.dll
0x000007fefb760000 - 0x000007fefb76c000 	C:\Windows\system32\netutils.dll
0x000007fefd5b0000 - 0x000007fefd5d3000 	C:\Windows\system32\srvcli.dll
0x000007fefb740000 - 0x000007fefb755000 	C:\Windows\system32\wkscli.dll
0x000007fefeeb0000 - 0x000007fefef47000 	C:\Windows\system32\COMDLG32.dll
0x000007fefdd50000 - 0x000007fefddc1000 	C:\Windows\system32\SHLWAPI.dll
0x000007fef7ea0000 - 0x000007fef7f40000 	C:\Windows\WinSxS\amd64_microsoft.windows.common-controls_6595b64144ccf1df_5.82.7601.18201_none_a4d3b9377117c3df\COMCTL32.dll
0x000007fefdf70000 - 0x000007fefecf8000 	C:\Windows\system32\SHELL32.dll
0x000007fef6a20000 - 0x000007fef6a29000 	C:\Windows\system32\WSOCK32.dll
0x000007feff3a0000 - 0x000007feff3ed000 	C:\Windows\system32\WS2_32.dll
0x000007fefdf60000 - 0x000007fefdf68000 	C:\Windows\system32\NSI.dll
0x000007fefedd0000 - 0x000007fefeea7000 	C:\Windows\system32\OLEAUT32.dll
0x000007feff3f0000 - 0x000007feff5f3000 	C:\Windows\system32\ole32.dll
0x000007fefdb90000 - 0x000007fefdbca000 	C:\Windows\system32\WINTRUST.dll
0x000007fefd9a0000 - 0x000007fefdb0c000 	C:\Windows\system32\CRYPT32.dll
0x000007fefd8a0000 - 0x000007fefd8af000 	C:\Windows\system32\MSASN1.dll
0x000007fefc250000 - 0x000007fefc260000 	C:\Xilinx\Vivado\2014.1\lib\win64.o\libboost_date_time.dll
0x000007fefb190000 - 0x000007fefb1b1000 	C:\Xilinx\Vivado\2014.1\lib\win64.o\libboost_filesystem.dll
0x000007fefb8b0000 - 0x000007fefb8b9000 	C:\Xilinx\Vivado\2014.1\lib\win64.o\libboost_system.dll
0x000007fef3f70000 - 0x000007fef3fe4000 	C:\Xilinx\Vivado\2014.1\lib\win64.o\libboost_program_options.dll
0x000007fef3e70000 - 0x000007fef3f6b000 	C:\Xilinx\Vivado\2014.1\lib\win64.o\libboost_regex.dll
0x000007fefb210000 - 0x000007fefb22c000 	C:\Xilinx\Vivado\2014.1\lib\win64.o\libboost_thread.dll
0x000007fefb200000 - 0x000007fefb20b000 	C:\Xilinx\Vivado\2014.1\lib\win64.o\libboost_chrono.dll
0x000007fef3df0000 - 0x000007fef3e70000 	C:\Xilinx\Vivado\2014.1\lib\win64.o\libhdlpsolve.dll
0x000007fef3d50000 - 0x000007fef3dea000 	C:\Xilinx\Vivado\2014.1\lib\win64.o\libhdxml.dll
0x000007fef3650000 - 0x000007fef3d40600 	C:\Xilinx\Vivado\2014.1\lib\win64.o\libisl_iostreams.dll
0x000007fef8590000 - 0x000007fef85a7000 	C:\Xilinx\Vivado\2014.1\lib\win64.o\libboost_iostreams.dll
0x000007fef8620000 - 0x000007fef8643000 	C:\Xilinx\Vivado\2014.1\lib\win64.o\librdizlib.dll
0x000007fef8560000 - 0x000007fef8583000 	C:\Xilinx\Vivado\2014.1\lib\win64.o\libisl_iosutils.dll
0x000007fef8500000 - 0x000007fef852a000 	C:\Xilinx\Vivado\2014.1\lib\win64.o\libisl_sysinfo.dll
0x0000000074680000 - 0x0000000074e49000 	C:\Xilinx\Vivado\2014.1\tps\win64\jre\bin\server\jvm.dll
0x000007fefb4c0000 - 0x000007fefb4fb000 	C:\Windows\system32\WINMM.dll
0x0000000077cb0000 - 0x0000000077cb7000 	C:\Windows\system32\PSAPI.DLL
0x000000006d420000 - 0x000000006d4f2000 	C:\Windows\system32\MSVCR100.dll
0x000007fef84e0000 - 0x000007fef84f5000 	C:\Xilinx\Vivado\2014.1\lib\win64.o\pthreadVC2.dll
0x000007fef35f0000 - 0x000007fef3643000 	C:\Xilinx\Vivado\2014.1\lib\win64.o\librdi_commonxillic.dll
0x000007fef34b0000 - 0x000007fef35e1000 	C:\Xilinx\Vivado\2014.1\lib\win64.o\librdi_curl.dll
0x000007fef84c0000 - 0x000007fef84d8000 	C:\Xilinx\Vivado\2014.1\lib\win64.o\librdiconfig.dll
0x0000000074550000 - 0x0000000074677000 	C:\Xilinx\Vivado\2014.1\lib\win64.o\tcl85t.dll
0x0000000012000000 - 0x0000000012263000 	C:\Xilinx\Vivado\2014.1\lib\win64.o\xerces-c_3_1.dll
0x000007feff850000 - 0x000007feffa98000 	C:\Windows\system32\WININET.dll
0x000007fefd970000 - 0x000007fefd974000 	C:\Windows\system32\api-ms-win-downlevel-user32-l1-1-0.dll
0x000007fefd960000 - 0x000007fefd964000 	C:\Windows\system32\api-ms-win-downlevel-shlwapi-l1-1-0.dll
0x000007fefd980000 - 0x000007fefd984000 	C:\Windows\system32\api-ms-win-downlevel-version-l1-1-0.dll
0x000007fefdb60000 - 0x000007fefdb63000 	C:\Windows\system32\api-ms-win-downlevel-normaliz-l1-1-0.dll
0x0000000077ca0000 - 0x0000000077ca3000 	C:\Windows\system32\normaliz.DLL
0x000007feff030000 - 0x000007feff2f7000 	C:\Windows\system32\iertutil.dll
0x000007fefd990000 - 0x000007fefd995000 	C:\Windows\system32\api-ms-win-downlevel-advapi32-l1-1-0.dll
0x000007fefdb70000 - 0x000007fefdb8e000 	C:\Windows\system32\USERENV.dll
0x000007fefd8b0000 - 0x000007fefd8bf000 	C:\Windows\system32\profapi.dll
0x000007fef98c0000 - 0x000007fef9931000 	C:\Windows\system32\WINHTTP.dll
0x000007fef9840000 - 0x000007fef98a4000 	C:\Windows\system32\webio.dll
0x000007fefddd0000 - 0x000007fefdf55000 	C:\Windows\system32\urlmon.dll
0x000007fefdb50000 - 0x000007fefdb54000 	C:\Windows\system32\api-ms-win-downlevel-ole32-l1-1-0.dll
0x000007fef3480000 - 0x000007fef34a3000 	C:\Windows\system32\VCOMP110.DLL
0x000007fef8310000 - 0x000007fef8321000 	C:\Xilinx\Vivado\2014.1\lib\win64.o\librdi_commonmain.dll
0x000007fef8600000 - 0x000007fef8608000 	C:\Xilinx\Vivado\2014.1\lib\win64.o\librdi_commonversion.dll
0x000007feffd20000 - 0x000007feffd4e000 	C:\Windows\system32\IMM32.DLL
0x000007feff730000 - 0x000007feff839000 	C:\Windows\system32\MSCTF.dll
0x000007fef2fc0000 - 0x000007fef3358000 	C:\Xilinx\Vivado\2014.1\lib\win64.o\librdi_commontasks.dll
0x000007fef27b0000 - 0x000007fef2fc0000 	C:\Xilinx\Vivado\2014.1\lib\win64.o\libXil_lmgr11FNP.dll
0x000007fefb140000 - 0x000007fefb167000 	C:\Windows\system32\iphlpapi.dll
0x000007fefb120000 - 0x000007fefb12b000 	C:\Windows\system32\WINNSI.DLL
0x000007fef8000000 - 0x000007fef800b000 	C:\Windows\system32\snmpapi.dll
0x000007feffb40000 - 0x000007feffd17000 	C:\Windows\system32\SETUPAPI.dll
0x000007fefdb10000 - 0x000007fefdb46000 	C:\Windows\system32\CFGMGR32.dll
0x000007fefdc40000 - 0x000007fefdc5a000 	C:\Windows\system32\DEVOBJ.dll
0x000007fef79f0000 - 0x000007fef7a61000 	C:\Windows\system32\WINSPOOL.DRV
0x000007fef5540000 - 0x000007fef5594000 	C:\Windows\system32\OLEACC.dll
0x000007fefd0e0000 - 0x000007fefd0f7000 	C:\Windows\system32\CRYPTSP.dll
0x000007fefcda0000 - 0x000007fefcde7000 	C:\Windows\system32\rsaenh.dll
0x000007fefd740000 - 0x000007fefd74f000 	C:\Windows\system32\CRYPTBASE.dll
0x000007fefc100000 - 0x000007fefc156000 	C:\Windows\system32\uxtheme.dll
0x000007fefb4a0000 - 0x000007fefb4b5000 	C:\Windows\system32\NLAapi.dll
0x000007fef0990000 - 0x000007fef09a5000 	C:\Windows\system32\napinsp.dll
0x000007fef0970000 - 0x000007fef0989000 	C:\Windows\system32\pnrpnsp.dll
0x000007fefd080000 - 0x000007fefd0d5000 	C:\Windows\System32\mswsock.dll
0x000007fefcec0000 - 0x000007fefcf1b000 	C:\Windows\system32\DNSAPI.dll
0x000007feffaa0000 - 0x000007feffb39000 	C:\Windows\system32\CLBCatQ.DLL
0x000007fefb850000 - 0x000007fefb85b000 	C:\Windows\System32\winrnr.dll
0x0000000071060000 - 0x0000000071086000 	C:\Program Files\Bonjour\mdnsNSP.dll
0x000007fefd7f0000 - 0x000007fefd804000 	C:\Windows\system32\RpcRtRemote.dll
0x000007fefaca0000 - 0x000007fefacf3000 	C:\Windows\System32\fwpuclnt.dll
0x000007fef8c00000 - 0x000007fef8c08000 	C:\Windows\system32\rasadhlp.dll
0x000007fefd070000 - 0x000007fefd077000 	C:\Windows\System32\wship6.dll
0x000007fefca60000 - 0x000007fefca67000 	C:\Windows\System32\wshtcpip.dll
0x000007fefaaa0000 - 0x000007fefaab8000 	C:\Windows\system32\dhcpcsvc.DLL
0x000007fefaa40000 - 0x000007fefaa51000 	C:\Windows\system32\dhcpcsvc6.DLL
0x0000000075290000 - 0x0000000075293000 	C:\Windows\system32\icmp.Dll
0x000007fefd6b0000 - 0x000007fefd6d5000 	C:\Windows\system32\SspiCli.dll
0x000007fef1b90000 - 0x000007fef20a4000 	C:\Xilinx\Vivado\2014.1\lib\win64.o\librdi_coretasks.dll
0x000007fef2410000 - 0x000007fef25c1000 	C:\Xilinx\Vivado\2014.1\lib\win64.o\librdi_chipscope.dll
0x000007fef33a0000 - 0x000007fef3403000 	C:\Xilinx\Vivado\2014.1\lib\win64.o\liblmx6.0.dll
0x000007fef0d60000 - 0x000007fef1b83000 	C:\Xilinx\Vivado\2014.1\lib\win64.o\librdi_constraints.dll
0x000007fee6fc0000 - 0x000007fee8e36000 	C:\Xilinx\Vivado\2014.1\lib\win64.o\librdi_device.dll
0x000007fef22f0000 - 0x000007fef236e000 	C:\Xilinx\Vivado\2014.1\lib\win64.o\libboost_serialization.dll
0x000007feea5a0000 - 0x000007feeacba000 	C:\Xilinx\Vivado\2014.1\lib\win64.o\libverific.dll
0x000007feeb620000 - 0x000007feeb8ba000 	C:\Xilinx\Vivado\2014.1\lib\win64.o\librdi_filemgmt.dll
0x000007feea1c0000 - 0x000007feea592000 	C:\Xilinx\Vivado\2014.1\lib\win64.o\librdi_netlist.dll
0x000007fee9d10000 - 0x000007feea1bd000 	C:\Xilinx\Vivado\2014.1\lib\win64.o\librdi_psta.dll
0x000007fee5d10000 - 0x000007fee6fb2000 	C:\Xilinx\Vivado\2014.1\lib\win64.o\librdi_coregen.dll
0x000007fee9680000 - 0x000007fee9d0a000 	C:\Xilinx\Vivado\2014.1\lib\win64.o\librdi_coregenipxact.dll
0x000007fee2830000 - 0x000007fee5d01000 	C:\Xilinx\Vivado\2014.1\lib\win64.o\librdi_designutils.dll
0x000007fef2110000 - 0x000007fef2270000 	C:\Xilinx\Vivado\2014.1\lib\win64.o\librdi_bitstream.dll
0x000007fee9140000 - 0x000007fee9680000 	C:\Xilinx\Vivado\2014.1\lib\win64.o\librdi_xdm.dll
0x000007fee2470000 - 0x000007fee2829000 	C:\Xilinx\Vivado\2014.1\lib\win64.o\librdi_drc.dll
0x000007fee1c40000 - 0x000007fee2461000 	C:\Xilinx\Vivado\2014.1\lib\win64.o\librdi_timing.dll

VM Arguments:
jvm_args: -Dsun.java2d.pmoffscreen=false -Xverify:none -Dswing.aatext=true -XX:-UsePerfData -Djdk.map.althashing.threshold=512 -XX:StringTableSize=4072 -Djava.util.Arrays.useLegacyMergeSort=true -XX:PermSize=256m -XX:MaxPermSize=256m -XX:NewSize=60m -XX:MaxNewSize=60m -XX:+UseConcMarkSweepGC -XX:+UseParNewGC -XX:+CMSParallelRemarkEnabled -XX:+CMSScavengeBeforeRemark -XX:+CMSClassUnloadingEnabled -XX:+UseNUMA -XX:+AggressiveOpts -XX:+UseFastAccessorMethods -XX:+UseFastEmptyMethods -XX:+UseBiasedLocking -XX:+TieredCompilation -Xms128m -Xmx3072m -Xss3m 
java_command: <unknown>
Launcher Type: generic

Environment Variables:
PATH=C:/Xilinx/Vivado/2014.1/bin;C:/Xilinx/Vivado/2014.1/lib/win64.o;C:/Xilinx/Vivado/2014.1/tps/win64/jre/bin/server;C:/Xilinx/Vivado/2014.1/tps/win64/jre/bin;C:/Xilinx/SDK/2014.1/bin;C:/Xilinx/Vivado/2014.1/ids_lite/ISE/bin/nt64;C:/Xilinx/Vivado/2014.1/ids_lite/ISE/lib/nt64;C:\Perl64\site\bin;C:\Perl64\bin;C:\ProgramData\Oracle\Java\javapath;C:\Windows\system32;C:\Windows;C:\Windows\System32\Wbem;C:\Windows\System32\WindowsPowerShell\v1.0\
USERNAME=Daniel
OS=Windows_NT
PROCESSOR_IDENTIFIER=Intel64 Family 6 Model 30 Stepping 5, GenuineIntel



---------------  S Y S T E M  ---------------

OS: Windows 7 , 64 bit Build 7601 Service Pack 1

CPU:total 8 (4 cores per cpu, 2 threads per core) family 6 model 30 stepping 5, cmov, cx8, fxsr, mmx, sse, sse2, sse3, ssse3, sse4.1, sse4.2, popcnt, ht, tsc, tscinvbit

Memory: 4k page, physical 4182528k(1883624k free), swap 8859072k(3636316k free)

vm_info: Java HotSpot(TM) 64-Bit Server VM (24.0-b56) for windows-amd64 JRE (1.7.0_40-b43), built on Aug 26 2013 22:38:32 by "java_re" with unknown MS VC++:1600

time: Tue Feb 10 18:40:21 2015
elapsed time: 10505 seconds

