Copyright 1986-2014 Xilinx, Inc. All Rights Reserved.
---------------------------------------------------------------------------------------------------------------------------
| Tool Version : Vivado v.2014.1 (win64) Build 881834 Fri Apr  4 14:15:54 MDT 2014
| Date         : Thu Apr 02 16:25:25 2015
| Host         : AMANJIT running 64-bit Service Pack 1  (build 7601)
| Command      : report_utilization -file design_1_wrapper_utilization_synth.rpt -pb design_1_wrapper_utilization_synth.pb
| Design       : design_1_wrapper
| Device       : xc7a100t
| Design State : Synthesized
---------------------------------------------------------------------------------------------------------------------------

Utilization Design Information

Table of Contents
-----------------
1. Slice Logic
2. Memory
3. DSP
4. IO and GT Specific
5. Clocking
6. Specific Feature
7. Primitives
8. Black Boxes
9. Instantiated Netlists

1. Slice Logic
--------------

+----------------------------+-------+-------+-----------+-------+
|          Site Type         |  Used | Loced | Available | Util% |
+----------------------------+-------+-------+-----------+-------+
| Slice LUTs*                | 20096 |     0 |     63400 | 31.69 |
|   LUT as Logic             | 17968 |     0 |     63400 | 28.34 |
|   LUT as Memory            |  2128 |     0 |     19000 | 11.20 |
|     LUT as Distributed RAM |  1044 |     0 |           |       |
|     LUT as Shift Register  |  1084 |     0 |           |       |
| Slice Registers            | 25014 |     2 |    126800 | 19.72 |
|   Register as Flip Flop    | 25014 |     2 |    126800 | 19.72 |
|   Register as Latch        |     0 |     0 |    126800 |  0.00 |
| F7 Muxes                   |   210 |     0 |     31700 |  0.66 |
| F8 Muxes                   |     5 |     0 |     15850 |  0.03 |
+----------------------------+-------+-------+-----------+-------+
* Warning! The Final LUT count, after physical optimizations and full implementation, is typically lower. Run opt_design after synthesis, if not already completed, for a more realistic count.


2. Memory
---------

+-------------------+------+-------+-----------+-------+
|     Site Type     | Used | Loced | Available | Util% |
+-------------------+------+-------+-----------+-------+
| Block RAM Tile    | 34.5 |     0 |       135 | 25.55 |
|   RAMB36/FIFO*    |   34 |     0 |       135 | 25.18 |
|     FIFO36E1 only |    4 |       |           |       |
|     RAMB36E1 only |   30 |       |           |       |
|   RAMB18          |    1 |     0 |       270 |  0.37 |
|     RAMB18E1 only |    1 |       |           |       |
+-------------------+------+-------+-----------+-------+
* Note: Each Block RAM Tile only has one FIFO logic available and therefore can accommodate only one FIFO36E1 or one FIFO18E1. However, if a FIFO18E1 occupies a Block RAM Tile, that tile can still accommodate a RAMB18E1


3. DSP
------

+-----------+------+-------+-----------+-------+
| Site Type | Used | Loced | Available | Util% |
+-----------+------+-------+-----------+-------+
| DSPs      |    0 |     0 |       240 |  0.00 |
+-----------+------+-------+-----------+-------+


4. IO and GT Specific
---------------------

+-----------------------------+------+-------+-----------+-------+
|          Site Type          | Used | Loced | Available | Util% |
+-----------------------------+------+-------+-----------+-------+
| Bonded IOB                  |   81 |     0 |       210 | 38.57 |
| Bonded IPADs                |    0 |     0 |         2 |  0.00 |
| PHY_CONTROL                 |    1 |     0 |         6 | 16.66 |
| PHASER_REF                  |    1 |     0 |         6 | 16.66 |
| OUT_FIFO                    |    4 |     0 |        24 | 16.66 |
| IN_FIFO                     |    2 |     0 |        24 |  8.33 |
| IDELAYCTRL                  |    1 |     0 |         6 | 16.66 |
| IBUFGDS                     |    0 |     0 |       202 |  0.00 |
| PHASER_OUT/PHASER_OUT_PHY   |    4 |     0 |        24 | 16.66 |
|   PHASER_OUT_PHY only       |    4 |     0 |           |       |
| PHASER_IN/PHASER_IN_PHY     |    2 |     0 |        24 |  8.33 |
|   PHASER_IN_PHY only        |    2 |     0 |           |       |
| IDELAYE2/IDELAYE2_FINEDELAY |   16 |     0 |       300 |  5.33 |
|   IDELAYE2 only             |   16 |     0 |           |       |
| ODELAYE2/ODELAYE2_FINEDELAY |    0 |     0 |         0 |  0.00 |
| IBUFDS_GTE2                 |    0 |     0 |         4 |  0.00 |
| ILOGIC                      |   16 |     0 |       210 |  7.61 |
|   ISERDES                   |   16 |       |           |       |
| OLOGIC                      |   48 |     0 |       210 | 22.85 |
|   OSERDES                   |   42 |       |           |       |
|   ODDR                      |    6 |       |           |       |
+-----------------------------+------+-------+-----------+-------+


5. Clocking
-----------

+------------+------+-------+-----------+-------+
|  Site Type | Used | Loced | Available | Util% |
+------------+------+-------+-----------+-------+
| BUFGCTRL   |    8 |     0 |        32 | 25.00 |
| BUFIO      |    0 |     0 |        24 |  0.00 |
| MMCME2_ADV |    2 |     0 |         6 | 33.33 |
| PLLE2_ADV  |    1 |     0 |         6 | 16.66 |
| BUFMRCE    |    0 |     0 |        12 |  0.00 |
| BUFHCE     |    2 |     0 |        96 |  2.08 |
| BUFR       |    0 |     0 |        24 |  0.00 |
+------------+------+-------+-----------+-------+


6. Specific Feature
-------------------

+-------------+------+-------+-----------+--------+
|  Site Type  | Used | Loced | Available |  Util% |
+-------------+------+-------+-----------+--------+
| BSCANE2     |    1 |     0 |         4 |  25.00 |
| CAPTUREE2   |    0 |     0 |         1 |   0.00 |
| DNA_PORT    |    0 |     0 |         1 |   0.00 |
| EFUSE_USR   |    0 |     0 |         1 |   0.00 |
| FRAME_ECCE2 |    0 |     0 |         1 |   0.00 |
| ICAPE2      |    0 |     0 |         2 |   0.00 |
| PCIE_2_1    |    0 |     0 |         1 |   0.00 |
| STARTUPE2   |    0 |     0 |         1 |   0.00 |
| XADC        |    1 |     0 |         1 | 100.00 |
+-------------+------+-------+-----------+--------+


7. Primitives
-------------

+--------------------------+-------+---------------------+
|         Ref Name         |  Used | Functional Category |
+--------------------------+-------+---------------------+
| FDRE                     | 23115 |        Flop & Latch |
| LUT6                     |  6674 |                 LUT |
| LUT3                     |  4543 |                 LUT |
| LUT4                     |  3809 |                 LUT |
| LUT5                     |  3424 |                 LUT |
| LUT2                     |  2635 |                 LUT |
| RAMD32                   |  1566 |  Distributed Memory |
| LUT1                     |  1047 |                 LUT |
| FDCE                     |  1018 |        Flop & Latch |
| SRLC32E                  |   624 |  Distributed Memory |
| FDSE                     |   563 |        Flop & Latch |
| CARRY4                   |   559 |          CarryLogic |
| RAMS32                   |   522 |  Distributed Memory |
| SRL16E                   |   453 |  Distributed Memory |
| FDPE                     |   318 |        Flop & Latch |
| MUXF7                    |   210 |               MuxFx |
| OSERDESE2                |    42 |                  IO |
| OBUF                     |    41 |                  IO |
| RAMB36E1                 |    30 |        Block Memory |
| OBUFT                    |    19 |                  IO |
| ISERDESE2                |    16 |                  IO |
| IDELAYE2                 |    16 |                  IO |
| IBUF_INTERMDISABLE       |    16 |                  IO |
| IBUF                     |    16 |                  IO |
| AND2B1L                  |    14 |              Others |
| BUFG                     |     8 |               Clock |
| SRLC16E                  |     7 |  Distributed Memory |
| ODDR                     |     6 |                  IO |
| MUXF8                    |     5 |               MuxFx |
| PHASER_OUT_PHY           |     4 |                  IO |
| OUT_FIFO                 |     4 |                  IO |
| OBUFTDS                  |     4 |                  IO |
| IBUFDS_INTERMDISABLE_INT |     4 |                  IO |
| FIFO36E1                 |     4 |        Block Memory |
| INV                      |     3 |                 LUT |
| PHASER_IN_PHY            |     2 |                  IO |
| OR2L                     |     2 |              Others |
| OBUFDS                   |     2 |                  IO |
| MMCME2_ADV               |     2 |               Clock |
| IN_FIFO                  |     2 |                  IO |
| BUFH                     |     2 |               Clock |
| XADC                     |     1 |              Others |
| RAMB18E1                 |     1 |        Block Memory |
| PLLE2_ADV                |     1 |               Clock |
| PHY_CONTROL              |     1 |                  IO |
| PHASER_REF               |     1 |                  IO |
| IDELAYCTRL               |     1 |                  IO |
| BSCANE2                  |     1 |              Others |
+--------------------------+-------+---------------------+


8. Black Boxes
--------------

+----------+------+
| Ref Name | Used |
+----------+------+


9. Instantiated Netlists
------------------------

+----------+------+
| Ref Name | Used |
+----------+------+


